Using pre-set license
Built from '2022.3/staging' branch; Version is '2022.3.13f1 (5f90a5ebde0f) revision 6262949'; Using compiler version '192829333'; Build Type 'Release'
OS: 'Windows 11  (10.0.22621) 64bit Professional' Language: 'es' Physical Memory: 16225 MB
BatchMode: 1, IsHumanControllingUs: 0, StartBugReporterOnCrash: 0, Is64bit: 1, IsPro: 1

COMMAND LINE ARGUMENTS:
D:\Program Files\2022.3.13f1\Editor\Unity.exe
-adb2
-batchMode
-noUpm
-name
AssetImportWorker1
-projectPath
D:/Users/niptim/Documents/Unity_projects/EjerciciosMotores
-logFile
Logs/AssetImportWorker1.log
-srvPort
49219
Successfully changed project path to: D:/Users/niptim/Documents/Unity_projects/EjerciciosMotores
D:/Users/niptim/Documents/Unity_projects/EjerciciosMotores
[UnityMemory] Configuration Parameters - Can be set up in boot.config
    "memorysetup-bucket-allocator-granularity=16"
    "memorysetup-bucket-allocator-bucket-count=8"
    "memorysetup-bucket-allocator-block-size=33554432"
    "memorysetup-bucket-allocator-block-count=8"
    "memorysetup-main-allocator-block-size=16777216"
    "memorysetup-thread-allocator-block-size=16777216"
    "memorysetup-gfx-main-allocator-block-size=16777216"
    "memorysetup-gfx-thread-allocator-block-size=16777216"
    "memorysetup-cache-allocator-block-size=4194304"
    "memorysetup-typetree-allocator-block-size=2097152"
    "memorysetup-profiler-bucket-allocator-granularity=16"
    "memorysetup-profiler-bucket-allocator-bucket-count=8"
    "memorysetup-profiler-bucket-allocator-block-size=33554432"
    "memorysetup-profiler-bucket-allocator-block-count=8"
    "memorysetup-profiler-allocator-block-size=16777216"
    "memorysetup-profiler-editor-allocator-block-size=1048576"
    "memorysetup-temp-allocator-size-main=16777216"
    "memorysetup-job-temp-allocator-block-size=2097152"
    "memorysetup-job-temp-allocator-block-size-background=1048576"
    "memorysetup-job-temp-allocator-reduction-small-platforms=262144"
    "memorysetup-allocator-temp-initial-block-size-main=262144"
    "memorysetup-allocator-temp-initial-block-size-worker=262144"
    "memorysetup-temp-allocator-size-background-worker=32768"
    "memorysetup-temp-allocator-size-job-worker=262144"
    "memorysetup-temp-allocator-size-preload-manager=33554432"
    "memorysetup-temp-allocator-size-nav-mesh-worker=65536"
    "memorysetup-temp-allocator-size-audio-worker=65536"
    "memorysetup-temp-allocator-size-cloud-worker=32768"
    "memorysetup-temp-allocator-size-gi-baking-worker=262144"
    "memorysetup-temp-allocator-size-gfx=262144"
Player connection [20984] Host "[IP] 192.168.1.133 [Port] 0 [Flags] 2 [Guid] 700611920 [EditorId] 700611920 [Version] 1048832 [Id] WindowsEditor(7,niptimcorp) [Debug] 1 [PackageName] WindowsEditor [ProjectName] Editor" joined multi-casting on [225.0.0.222:54997]...

Player connection [20984] Host "[IP] 192.168.1.133 [Port] 0 [Flags] 2 [Guid] 700611920 [EditorId] 700611920 [Version] 1048832 [Id] WindowsEditor(7,niptimcorp) [Debug] 1 [PackageName] WindowsEditor [ProjectName] Editor" joined alternative multi-casting on [225.0.0.222:34997]...

[Physics::Module] Initialized MultithreadedJobDispatcher with 11 workers.
Refreshing native plugins compatible for Editor in 12.12 ms, found 3 plugins.
Preloading 0 native plugins for Editor in 0.00 ms.
Initialize engine version: 2022.3.13f1 (5f90a5ebde0f)
[Subsystems] Discovering subsystems at path D:/Program Files/2022.3.13f1/Editor/Data/Resources/UnitySubsystems
[Subsystems] Discovering subsystems at path D:/Users/niptim/Documents/Unity_projects/EjerciciosMotores/Assets
GfxDevice: creating device client; threaded=0; jobified=0
Direct3D:
    Version:  Direct3D 11.0 [level 11.1]
    Renderer: NVIDIA GeForce RTX 2060 (ID=0x1f15)
    Vendor:   NVIDIA
    VRAM:     5969 MB
    Driver:   31.0.15.4617
Initialize mono
Mono path[0] = 'D:/Program Files/2022.3.13f1/Editor/Data/Managed'
Mono path[1] = 'D:/Program Files/2022.3.13f1/Editor/Data/MonoBleedingEdge/lib/mono/unityjit-win32'
Mono config path = 'D:/Program Files/2022.3.13f1/Editor/Data/MonoBleedingEdge/etc'
Using monoOptions --debugger-agent=transport=dt_socket,embedding=1,server=y,suspend=n,address=127.0.0.1:56052
Begin MonoManager ReloadAssembly
Registering precompiled unity dll's ...
Register platform support module: D:/Program Files/2022.3.13f1/Editor/Data/PlaybackEngines/WindowsStandaloneSupport/UnityEditor.WindowsStandalone.Extensions.dll
Registered in 0.005148 seconds.
- Loaded All Assemblies, in  0.519 seconds
Native extension for WindowsStandalone target not found
Mono: successfully reloaded assembly
- Finished resetting the current domain, in  0.364 seconds
Domain Reload Profiling: 883ms
	BeginReloadAssembly (156ms)
		ExecutionOrderSort (0ms)
		DisableScriptedObjects (0ms)
		BackupInstance (0ms)
		ReleaseScriptingObjects (0ms)
		CreateAndSetChildDomain (2ms)
	RebuildCommonClasses (53ms)
	RebuildNativeTypeToScriptingClass (17ms)
	initialDomainReloadingComplete (76ms)
	LoadAllAssembliesAndSetupDomain (216ms)
		LoadAssemblies (154ms)
		RebuildTransferFunctionScriptingTraits (0ms)
		AnalyzeDomain (214ms)
			TypeCache.Refresh (212ms)
				TypeCache.ScanAssembly (193ms)
			ScanForSourceGeneratedMonoScriptInfo (0ms)
			ResolveRequiredComponents (1ms)
	FinalizeReload (364ms)
		ReleaseScriptCaches (0ms)
		RebuildScriptCaches (0ms)
		SetupLoadedEditorAssemblies (284ms)
			LogAssemblyErrors (0ms)
			InitializePlatformSupportModulesInManaged (9ms)
			SetLoadedEditorAssemblies (11ms)
			RefreshPlugins (0ms)
			BeforeProcessingInitializeOnLoad (3ms)
			ProcessInitializeOnLoadAttributes (182ms)
			ProcessInitializeOnLoadMethodAttributes (79ms)
			AfterProcessingInitializeOnLoad (0ms)
			EditorAssembliesLoaded (0ms)
		ExecutionOrderSort2 (0ms)
		AwakeInstancesAfterBackupRestoration (0ms)
========================================================================
Worker process is ready to serve import requests
Begin MonoManager ReloadAssembly
- Loaded All Assemblies, in  0.939 seconds
Refreshing native plugins compatible for Editor in 4.81 ms, found 3 plugins.
Native extension for WindowsStandalone target not found
Package Manager log level set to [2]
[Package Manager] Server::EnsureServerProcessIsRunning -- launch failed, reason: Unity was launched with the -noUpm command-line argument
[Package Manager] UpmClient::Send -- Unable to send message (not connected to UPM process).
[Package Manager] Cannot connect to Unity Package Manager local server
Mono: successfully reloaded assembly
- Finished resetting the current domain, in  1.168 seconds
Domain Reload Profiling: 2107ms
	BeginReloadAssembly (228ms)
		ExecutionOrderSort (0ms)
		DisableScriptedObjects (8ms)
		BackupInstance (0ms)
		ReleaseScriptingObjects (0ms)
		CreateAndSetChildDomain (29ms)
	RebuildCommonClasses (74ms)
	RebuildNativeTypeToScriptingClass (19ms)
	initialDomainReloadingComplete (60ms)
	LoadAllAssembliesAndSetupDomain (559ms)
		LoadAssemblies (376ms)
		RebuildTransferFunctionScriptingTraits (0ms)
		AnalyzeDomain (321ms)
			TypeCache.Refresh (287ms)
				TypeCache.ScanAssembly (268ms)
			ScanForSourceGeneratedMonoScriptInfo (26ms)
			ResolveRequiredComponents (6ms)
	FinalizeReload (1169ms)
		ReleaseScriptCaches (0ms)
		RebuildScriptCaches (0ms)
		SetupLoadedEditorAssemblies (942ms)
			LogAssemblyErrors (0ms)
			InitializePlatformSupportModulesInManaged (6ms)
			SetLoadedEditorAssemblies (7ms)
			RefreshPlugins (0ms)
			BeforeProcessingInitializeOnLoad (97ms)
			ProcessInitializeOnLoadAttributes (799ms)
			ProcessInitializeOnLoadMethodAttributes (29ms)
			AfterProcessingInitializeOnLoad (5ms)
			EditorAssembliesLoaded (0ms)
		ExecutionOrderSort2 (0ms)
		AwakeInstancesAfterBackupRestoration (16ms)
Launched and connected shader compiler UnityShaderCompiler.exe after 0.09 seconds
Refreshing native plugins compatible for Editor in 6.67 ms, found 3 plugins.
Preloading 0 native plugins for Editor in 0.00 ms.
Unloading 3082 Unused Serialized files (Serialized files now loaded: 0)
Unloading 32 unused Assets / (57.0 KB). Loaded Objects now: 3567.
Memory consumption went from 132.8 MB to 132.7 MB.
Total: 6.223900 ms (FindLiveObjects: 0.459700 ms CreateObjectMapping: 0.423100 ms MarkObjects: 5.166600 ms  DeleteObjects: 0.172400 ms)

AssetImportParameters requested are different than current active one (requested -> active):
  custom:container-demuxer-ogg: 62fdf1f143b41e24485cea50d1cbac27 -> 
  custom:video-codec-MediaFoundation-h265: 746d11721c4dcdbdad8f713fa42b33f4 -> 
  custom:video-decoder-ogg-theora: a1e56fd34408186e4bbccfd4996cb3dc -> 
  custom:framework-win-MediaFoundation: 216162199b28c13a410421893ffa2e32 -> 
  custom:CustomObjectIndexerAttribute: 756ad292c208cfabdd7b50bc23989ffe -> 
  custom:container-demuxer-webm: 4f35f7cbe854078d1ac9338744f61a02 -> 
  custom:container-muxer-webm: aa71ff27fc2769a1b78a27578f13a17b -> 
  custom:video-decoder-webm-vp8: 9c59270c3fd7afecdb556c50c9e8de78 -> 
  custom:SearchIndexIgnoredProperties: e643bd26f0fe6173181afceb89e7c659 -> 
  custom:AudioImporter_EditorPlatform: d09bf68614088b80899f8185d706f6e7 -> 
  custom:video-encoder-webm-vp8: eb34c28f22e8b96e1ab97ce403110664 -> 
  custom:audio-decoder-ogg-vorbis: bf7c407c2cedff20999df2af8eb42d56 -> 
  custom:audio-encoder-webm-vorbis: bf7c407c2cedff20999df2af8eb42d56 -> 
========================================================================
Received Import Request.
  Time since last request: 44428.176084 seconds.
  path: Assets/Flat Textures Pack/Textures/Summer_RiverPebbles.png
  artifactKey: Guid(0850fbb36b5346249a2687f29aa97e58) Importer(2089858483,0ecaa5967403d082aa24f35e1b516d23)
Start importing Assets/Flat Textures Pack/Textures/Summer_RiverPebbles.png using Guid(0850fbb36b5346249a2687f29aa97e58) Importer(2089858483,0ecaa5967403d082aa24f35e1b516d23) Generated GUIDs only implemented for interfaces!
 -> (artifact id: '665f219e9b3e009a1fe376d374d8c57f') in 0.231608 seconds
Number of updated asset objects reloaded before import = 0
Number of asset objects unloaded after import = 1
========================================================================
Received Import Request.
  Time since last request: 0.000025 seconds.
  path: Assets/Flat Textures Pack/Materials/Summer_Roots.mat
  artifactKey: Guid(2a81fb5b4c7ffd34a86add061bd2f815) Importer(2089858483,0ecaa5967403d082aa24f35e1b516d23)
Start importing Assets/Flat Textures Pack/Materials/Summer_Roots.mat using Guid(2a81fb5b4c7ffd34a86add061bd2f815) Importer(2089858483,0ecaa5967403d082aa24f35e1b516d23) Generated GUIDs only implemented for interfaces!
 -> (artifact id: '09f422a7672bd9f6be1c62104d92780d') in 0.026757 seconds
Number of updated asset objects reloaded before import = 0
Number of asset objects unloaded after import = 2
========================================================================
Received Import Request.
  Time since last request: 0.000028 seconds.
  path: Assets/Flat Textures Pack/Textures/Summer_Grass_A_Normal.png
  artifactKey: Guid(e8fb579235dfbde419e33815167f8074) Importer(2089858483,0ecaa5967403d082aa24f35e1b516d23)
Start importing Assets/Flat Textures Pack/Textures/Summer_Grass_A_Normal.png using Guid(e8fb579235dfbde419e33815167f8074) Importer(2089858483,0ecaa5967403d082aa24f35e1b516d23) Generated GUIDs only implemented for interfaces!
 -> (artifact id: '65f19a9fc1db002ab1e6f056e6bdda34') in 0.025622 seconds
Number of updated asset objects reloaded before import = 0
Number of asset objects unloaded after import = 1
========================================================================
Received Import Request.
  Time since last request: 0.000192 seconds.
  path: Assets/Flat Textures Pack/Materials/Cave_Cracks.mat
  artifactKey: Guid(7f61e96487dd8084480def67ee56f766) Importer(2089858483,0ecaa5967403d082aa24f35e1b516d23)
Start importing Assets/Flat Textures Pack/Materials/Cave_Cracks.mat using Guid(7f61e96487dd8084480def67ee56f766) Importer(2089858483,0ecaa5967403d082aa24f35e1b516d23) Generated GUIDs only implemented for interfaces!
 -> (artifact id: 'bb79f33ec0488e1be93da85522b0ce0a') in 0.009394 seconds
Number of updated asset objects reloaded before import = 0
Number of asset objects unloaded after import = 2
========================================================================
Received Import Request.
  Time since last request: 0.000103 seconds.
  path: Assets/Flat Textures Pack/Textures/Desert_Sand.png
  artifactKey: Guid(06114477b9be4c649a45f9fc21dc00c6) Importer(2089858483,0ecaa5967403d082aa24f35e1b516d23)
Start importing Assets/Flat Textures Pack/Textures/Desert_Sand.png using Guid(06114477b9be4c649a45f9fc21dc00c6) Importer(2089858483,0ecaa5967403d082aa24f35e1b516d23) Generated GUIDs only implemented for interfaces!
 -> (artifact id: '699e9e52c3f39607c648a4efc89c9e52') in 0.024699 seconds
Number of updated asset objects reloaded before import = 0
Number of asset objects unloaded after import = 1
========================================================================
Received Import Request.
  Time since last request: 0.000033 seconds.
  path: Assets/Flat Textures Pack/Materials/Summer_Wall.mat
  artifactKey: Guid(0acfe541cc046384d9e49c053de97ffb) Importer(2089858483,0ecaa5967403d082aa24f35e1b516d23)
Start importing Assets/Flat Textures Pack/Materials/Summer_Wall.mat using Guid(0acfe541cc046384d9e49c053de97ffb) Importer(2089858483,0ecaa5967403d082aa24f35e1b516d23) Generated GUIDs only implemented for interfaces!
 -> (artifact id: '5fb76372b6b9badd5a2c7f3861e7db61') in 0.008362 seconds
Number of updated asset objects reloaded before import = 0
Number of asset objects unloaded after import = 2
========================================================================
Received Import Request.
  Time since last request: 0.000018 seconds.
  path: Assets/Flat Textures Pack/Materials/Winter_Snow_B.mat
  artifactKey: Guid(00494841d457c5e40beb347b6483f7c9) Importer(2089858483,0ecaa5967403d082aa24f35e1b516d23)
Start importing Assets/Flat Textures Pack/Materials/Winter_Snow_B.mat using Guid(00494841d457c5e40beb347b6483f7c9) Importer(2089858483,0ecaa5967403d082aa24f35e1b516d23) Generated GUIDs only implemented for interfaces!
 -> (artifact id: '8809fa70248d588cd86443120ca87d03') in 0.010229 seconds
Number of updated asset objects reloaded before import = 0
Number of asset objects unloaded after import = 2
========================================================================
Received Import Request.
  Time since last request: 0.000018 seconds.
  path: Assets/Flat Textures Pack/Textures/Water_B.png
  artifactKey: Guid(d149f4b0f0a25fa41b1eca641bda9618) Importer(2089858483,0ecaa5967403d082aa24f35e1b516d23)
Start importing Assets/Flat Textures Pack/Textures/Water_B.png using Guid(d149f4b0f0a25fa41b1eca641bda9618) Importer(2089858483,0ecaa5967403d082aa24f35e1b516d23) Generated GUIDs only implemented for interfaces!
 -> (artifact id: '5fdbc55dc5873290bab271b52defda16') in 0.020892 seconds
Number of updated asset objects reloaded before import = 0
Number of asset objects unloaded after import = 1
========================================================================
Received Import Request.
  Time since last request: 0.000066 seconds.
  path: Assets/Flat Textures Pack/Materials/Water_C.mat
  artifactKey: Guid(aca82f8a42433894199632974fbd0681) Importer(2089858483,0ecaa5967403d082aa24f35e1b516d23)
Start importing Assets/Flat Textures Pack/Materials/Water_C.mat using Guid(aca82f8a42433894199632974fbd0681) Importer(2089858483,0ecaa5967403d082aa24f35e1b516d23) Generated GUIDs only implemented for interfaces!
 -> (artifact id: '6c26631484571a9eccf68cbee2c86843') in 0.009241 seconds
Number of updated asset objects reloaded before import = 0
Number of asset objects unloaded after import = 2
========================================================================
Received Import Request.
  Time since last request: 0.000018 seconds.
  path: Assets/Flat Textures Pack/Textures/Cave_Cracks.png
  artifactKey: Guid(a2cd67599aa6c4749a6d6dae988081e1) Importer(2089858483,0ecaa5967403d082aa24f35e1b516d23)
Start importing Assets/Flat Textures Pack/Textures/Cave_Cracks.png using Guid(a2cd67599aa6c4749a6d6dae988081e1) Importer(2089858483,0ecaa5967403d082aa24f35e1b516d23) Generated GUIDs only implemented for interfaces!
 -> (artifact id: '57a00ebaab126c988e1075dbd091328f') in 0.023185 seconds
Number of updated asset objects reloaded before import = 0
Number of asset objects unloaded after import = 1
========================================================================
Received Import Request.
  Time since last request: 0.000097 seconds.
  path: Assets/Flat Textures Pack/Materials/Cave_Poison.mat
  artifactKey: Guid(8c2a02727fd639347bf1e97df0a962b1) Importer(2089858483,0ecaa5967403d082aa24f35e1b516d23)
Start importing Assets/Flat Textures Pack/Materials/Cave_Poison.mat using Guid(8c2a02727fd639347bf1e97df0a962b1) Importer(2089858483,0ecaa5967403d082aa24f35e1b516d23) Generated GUIDs only implemented for interfaces!
 -> (artifact id: '3c3312816f983a6df90d5451dc71cf93') in 0.009104 seconds
Number of updated asset objects reloaded before import = 0
Number of asset objects unloaded after import = 2
========================================================================
Received Import Request.
  Time since last request: 0.000017 seconds.
  path: Assets/Flat Textures Pack/Materials/Cave_Bush.mat
  artifactKey: Guid(e9626647ac5db254d9e870edcdfd343b) Importer(2089858483,0ecaa5967403d082aa24f35e1b516d23)
Start importing Assets/Flat Textures Pack/Materials/Cave_Bush.mat using Guid(e9626647ac5db254d9e870edcdfd343b) Importer(2089858483,0ecaa5967403d082aa24f35e1b516d23) Generated GUIDs only implemented for interfaces!
 -> (artifact id: 'ede074e7460f973b35ae8ba67be52c2e') in 0.010066 seconds
Number of updated asset objects reloaded before import = 0
Number of asset objects unloaded after import = 2
========================================================================
Received Import Request.
  Time since last request: 0.000020 seconds.
  path: Assets/Flat Textures Pack/Textures/Desert_Sand_B.png
  artifactKey: Guid(970ad6b6e3accb640a4bb916a1034bd4) Importer(2089858483,0ecaa5967403d082aa24f35e1b516d23)
Start importing Assets/Flat Textures Pack/Textures/Desert_Sand_B.png using Guid(970ad6b6e3accb640a4bb916a1034bd4) Importer(2089858483,0ecaa5967403d082aa24f35e1b516d23) Generated GUIDs only implemented for interfaces!
 -> (artifact id: '5208b789402c18a854506be9bd78ba8c') in 0.020970 seconds
Number of updated asset objects reloaded before import = 0
Number of asset objects unloaded after import = 1
========================================================================
Received Import Request.
  Time since last request: 0.000047 seconds.
  path: Assets/Flat Textures Pack/Textures/Cave_GoldenPebbles.png
  artifactKey: Guid(e63e6b5575cf91b4883ed33d002c8606) Importer(2089858483,0ecaa5967403d082aa24f35e1b516d23)
Start importing Assets/Flat Textures Pack/Textures/Cave_GoldenPebbles.png using Guid(e63e6b5575cf91b4883ed33d002c8606) Importer(2089858483,0ecaa5967403d082aa24f35e1b516d23) Generated GUIDs only implemented for interfaces!
 -> (artifact id: '45290cceb3091de5fc7b99811d86a070') in 0.023040 seconds
Number of updated asset objects reloaded before import = 0
Number of asset objects unloaded after import = 1
========================================================================
Received Import Request.
  Time since last request: 0.000058 seconds.
  path: Assets/Flat Textures Pack/Textures/Summer_Moss.png
  artifactKey: Guid(d625bb8b4a0335542b946bf2cb339c8a) Importer(2089858483,0ecaa5967403d082aa24f35e1b516d23)
Start importing Assets/Flat Textures Pack/Textures/Summer_Moss.png using Guid(d625bb8b4a0335542b946bf2cb339c8a) Importer(2089858483,0ecaa5967403d082aa24f35e1b516d23) Generated GUIDs only implemented for interfaces!
 -> (artifact id: '53ba828372a221d5355494aa6544a48a') in 0.020071 seconds
Number of updated asset objects reloaded before import = 0
Number of asset objects unloaded after import = 1
========================================================================
Received Import Request.
  Time since last request: 0.000084 seconds.
  path: Assets/Flat Textures Pack/Textures/Summer_Flowers_Normal.png
  artifactKey: Guid(8488e75816982b64ea9cc46d69c08357) Importer(2089858483,0ecaa5967403d082aa24f35e1b516d23)
Start importing Assets/Flat Textures Pack/Textures/Summer_Flowers_Normal.png using Guid(8488e75816982b64ea9cc46d69c08357) Importer(2089858483,0ecaa5967403d082aa24f35e1b516d23) Generated GUIDs only implemented for interfaces!
 -> (artifact id: 'd64b9eda3e6fa03ec11f331319958906') in 0.021593 seconds
Number of updated asset objects reloaded before import = 0
Number of asset objects unloaded after import = 1
========================================================================
Received Import Request.
  Time since last request: 0.000020 seconds.
  path: Assets/NewLayer.terrainlayer
  artifactKey: Guid(ace82dbcb7a7f114c96e4fa6d2788efe) Importer(2089858483,0ecaa5967403d082aa24f35e1b516d23)
Start importing Assets/NewLayer.terrainlayer using Guid(ace82dbcb7a7f114c96e4fa6d2788efe) Importer(2089858483,0ecaa5967403d082aa24f35e1b516d23) Generated GUIDs only implemented for interfaces!
 -> (artifact id: 'e7aaef76100c7a6cca0d0da61661d53b') in 0.011772 seconds
Number of updated asset objects reloaded before import = 0
Number of asset objects unloaded after import = 3
========================================================================
Received Import Request.
  Time since last request: 0.000024 seconds.
  path: Assets/Flat Textures Pack/Materials/Desert_Tiles.mat
  artifactKey: Guid(0420eef65a9103241abca4e53c4d74bb) Importer(2089858483,0ecaa5967403d082aa24f35e1b516d23)
Start importing Assets/Flat Textures Pack/Materials/Desert_Tiles.mat using Guid(0420eef65a9103241abca4e53c4d74bb) Importer(2089858483,0ecaa5967403d082aa24f35e1b516d23) Generated GUIDs only implemented for interfaces!
 -> (artifact id: 'b80ce536423dfee8977a8ca2a6c3f1ff') in 0.006958 seconds
Number of updated asset objects reloaded before import = 0
Number of asset objects unloaded after import = 2
========================================================================
Received Import Request.
  Time since last request: 0.000017 seconds.
  path: Assets/Flat Textures Pack/Materials/Water_B.mat
  artifactKey: Guid(077530e0b0a9273408ae4d17c1a1af03) Importer(2089858483,0ecaa5967403d082aa24f35e1b516d23)
Start importing Assets/Flat Textures Pack/Materials/Water_B.mat using Guid(077530e0b0a9273408ae4d17c1a1af03) Importer(2089858483,0ecaa5967403d082aa24f35e1b516d23) Generated GUIDs only implemented for interfaces!
 -> (artifact id: '1a5f8d02a8a49c7813e4bad30d9e8d1a') in 0.008959 seconds
Number of updated asset objects reloaded before import = 0
Number of asset objects unloaded after import = 2
========================================================================
Received Import Request.
  Time since last request: 0.000026 seconds.
  path: Assets/Flat Textures Pack/Materials/Summer_Mud_B.mat
  artifactKey: Guid(b4ce1486c4e3c83408feacc4d7497b0c) Importer(2089858483,0ecaa5967403d082aa24f35e1b516d23)
Start importing Assets/Flat Textures Pack/Materials/Summer_Mud_B.mat using Guid(b4ce1486c4e3c83408feacc4d7497b0c) Importer(2089858483,0ecaa5967403d082aa24f35e1b516d23) Generated GUIDs only implemented for interfaces!
 -> (artifact id: '72e637fcb5b8cdf49a17873fe6f07632') in 0.011270 seconds
Number of updated asset objects reloaded before import = 0
Number of asset objects unloaded after import = 2
========================================================================
Received Import Request.
  Time since last request: 0.000017 seconds.
  path: Assets/Flat Textures Pack/Textures/Cave_Crystal_A.png
  artifactKey: Guid(44574b134f468f746bb51c8099e9fddf) Importer(2089858483,0ecaa5967403d082aa24f35e1b516d23)
Start importing Assets/Flat Textures Pack/Textures/Cave_Crystal_A.png using Guid(44574b134f468f746bb51c8099e9fddf) Importer(2089858483,0ecaa5967403d082aa24f35e1b516d23) Generated GUIDs only implemented for interfaces!
 -> (artifact id: '14c08f3fac7db77763fca266289528fe') in 0.020764 seconds
Number of updated asset objects reloaded before import = 0
Number of asset objects unloaded after import = 1
========================================================================
Received Import Request.
  Time since last request: 0.000029 seconds.
  path: Assets/Materials/NormalGrass.png
  artifactKey: Guid(1b1315a86267dbd4ba4345e33999e7b9) Importer(2089858483,0ecaa5967403d082aa24f35e1b516d23)
Start importing Assets/Materials/NormalGrass.png using Guid(1b1315a86267dbd4ba4345e33999e7b9) Importer(2089858483,0ecaa5967403d082aa24f35e1b516d23) Generated GUIDs only implemented for interfaces!
 -> (artifact id: '2c11fba9aac31cd87057f61a8cb5b3bc') in 0.020274 seconds
Number of updated asset objects reloaded before import = 0
Number of asset objects unloaded after import = 1
========================================================================
Received Import Request.
  Time since last request: 0.000156 seconds.
  path: Assets/Flat Textures Pack/Textures/Summer_ForestRoad.png
  artifactKey: Guid(5ba259208ad985146a301e08de183a3f) Importer(2089858483,0ecaa5967403d082aa24f35e1b516d23)
Start importing Assets/Flat Textures Pack/Textures/Summer_ForestRoad.png using Guid(5ba259208ad985146a301e08de183a3f) Importer(2089858483,0ecaa5967403d082aa24f35e1b516d23) Generated GUIDs only implemented for interfaces!
 -> (artifact id: '94abe8863ba7e6db32ef17f893f673fe') in 0.021018 seconds
Number of updated asset objects reloaded before import = 0
Number of asset objects unloaded after import = 1
========================================================================
Received Import Request.
  Time since last request: 0.000048 seconds.
  path: Assets/Flat Textures Pack/Materials/Winter_Spores.mat
  artifactKey: Guid(b212d6d3e65f24a41a49b9361880e85f) Importer(2089858483,0ecaa5967403d082aa24f35e1b516d23)
Start importing Assets/Flat Textures Pack/Materials/Winter_Spores.mat using Guid(b212d6d3e65f24a41a49b9361880e85f) Importer(2089858483,0ecaa5967403d082aa24f35e1b516d23) Generated GUIDs only implemented for interfaces!
 -> (artifact id: '665c6b7241829f192070ee81fec898d9') in 0.008392 seconds
Number of updated asset objects reloaded before import = 0
Number of asset objects unloaded after import = 2
========================================================================
Received Import Request.
  Time since last request: 0.000017 seconds.
  path: Assets/Flat Textures Pack/Textures/Winter_Bush.png
  artifactKey: Guid(3afbbf99dc4ba9847ba9e53b8942903c) Importer(2089858483,0ecaa5967403d082aa24f35e1b516d23)
Start importing Assets/Flat Textures Pack/Textures/Winter_Bush.png using Guid(3afbbf99dc4ba9847ba9e53b8942903c) Importer(2089858483,0ecaa5967403d082aa24f35e1b516d23) Generated GUIDs only implemented for interfaces!
 -> (artifact id: '7ce6429e7e9d94b7297d608694f3e65e') in 0.019534 seconds
Number of updated asset objects reloaded before import = 0
Number of asset objects unloaded after import = 1
========================================================================
Received Import Request.
  Time since last request: 0.000163 seconds.
  path: Assets/Flat Textures Pack/Textures/Water_D.png
  artifactKey: Guid(60cabeb742477d54fbe159e9061f335d) Importer(2089858483,0ecaa5967403d082aa24f35e1b516d23)
Start importing Assets/Flat Textures Pack/Textures/Water_D.png using Guid(60cabeb742477d54fbe159e9061f335d) Importer(2089858483,0ecaa5967403d082aa24f35e1b516d23) Generated GUIDs only implemented for interfaces!
 -> (artifact id: '5f30b13fe9f53db9df7c966fe6848653') in 0.019532 seconds
Number of updated asset objects reloaded before import = 0
Number of asset objects unloaded after import = 1
========================================================================
Received Import Request.
  Time since last request: 0.000160 seconds.
  path: Assets/polygonTrees/polygonTrees/prefabs/prefabLODs/dryTree/dryFallenBranchesTreeL.prefab
  artifactKey: Guid(646376d7888755be0a6b016eedb1c53e) Importer(2089858483,0ecaa5967403d082aa24f35e1b516d23)
Start importing Assets/polygonTrees/polygonTrees/prefabs/prefabLODs/dryTree/dryFallenBranchesTreeL.prefab using Guid(646376d7888755be0a6b016eedb1c53e) Importer(2089858483,0ecaa5967403d082aa24f35e1b516d23) Generated GUIDs only implemented for interfaces!
 -> (artifact id: '89bd18329973fdf41fc1fbf092e8d403') in 0.020917 seconds
Number of updated asset objects reloaded before import = 0
Number of asset objects unloaded after import = 37
========================================================================
Received Import Request.
  Time since last request: 0.000018 seconds.
  path: Assets/GrassFlowers/Textures/GrassFlowers/grass02.tga
  artifactKey: Guid(cf3069941001b5c46b1f13d4551d0fd9) Importer(2089858483,0ecaa5967403d082aa24f35e1b516d23)
Start importing Assets/GrassFlowers/Textures/GrassFlowers/grass02.tga using Guid(cf3069941001b5c46b1f13d4551d0fd9) Importer(2089858483,0ecaa5967403d082aa24f35e1b516d23) Generated GUIDs only implemented for interfaces!
 -> (artifact id: 'c63656dc6805ec776c6ff45c5cdba4f3') in 0.019823 seconds
Number of updated asset objects reloaded before import = 0
Number of asset objects unloaded after import = 1
========================================================================
Received Import Request.
  Time since last request: 0.000051 seconds.
  path: Assets/polygonTrees/polygonTrees/prefabs/grass/grass Variant.prefab
  artifactKey: Guid(134c96ff51198e4cea360c89aaab1411) Importer(2089858483,0ecaa5967403d082aa24f35e1b516d23)
Start importing Assets/polygonTrees/polygonTrees/prefabs/grass/grass Variant.prefab using Guid(134c96ff51198e4cea360c89aaab1411) Importer(2089858483,0ecaa5967403d082aa24f35e1b516d23) Generated GUIDs only implemented for interfaces!
 -> (artifact id: '78525fa7c9b80234743ea4715f22e340') in 0.010907 seconds
Number of updated asset objects reloaded before import = 0
Number of asset objects unloaded after import = 14
========================================================================
Received Import Request.
  Time since last request: 0.000019 seconds.
  path: Assets/polygonTrees/polygonTrees/prefabs/rocks/rock Variant.prefab
  artifactKey: Guid(9fea3f738a721b642b10d0735a3c2ff4) Importer(2089858483,0ecaa5967403d082aa24f35e1b516d23)
Start importing Assets/polygonTrees/polygonTrees/prefabs/rocks/rock Variant.prefab using Guid(9fea3f738a721b642b10d0735a3c2ff4) Importer(2089858483,0ecaa5967403d082aa24f35e1b516d23) Generated GUIDs only implemented for interfaces!
 -> (artifact id: '1a82b556edd001c984a129d59565f62a') in 0.010979 seconds
Number of updated asset objects reloaded before import = 0
Number of asset objects unloaded after import = 14
========================================================================
Received Import Request.
  Time since last request: 0.000018 seconds.
  path: Assets/polygonTrees/polygonTrees/prefabs/prefabLODs/rockL/blackRockL.prefab
  artifactKey: Guid(f8b10b592cfec83168eee1d24059025a) Importer(2089858483,0ecaa5967403d082aa24f35e1b516d23)
Start importing Assets/polygonTrees/polygonTrees/prefabs/prefabLODs/rockL/blackRockL.prefab using Guid(f8b10b592cfec83168eee1d24059025a) Importer(2089858483,0ecaa5967403d082aa24f35e1b516d23) Generated GUIDs only implemented for interfaces!
 -> (artifact id: 'f6b81b06691e5b2a3f7c39169b09ea53') in 0.006817 seconds
Number of updated asset objects reloaded before import = 0
Number of asset objects unloaded after import = 37
========================================================================
Received Import Request.
  Time since last request: 0.000018 seconds.
  path: Assets/polygonTrees/polygonTrees/toTheDeveloper/toTheDeveloper.pdf
  artifactKey: Guid(b74aa5dbf60d9ee649085cd32503f7ad) Importer(2089858483,0ecaa5967403d082aa24f35e1b516d23)
Start importing Assets/polygonTrees/polygonTrees/toTheDeveloper/toTheDeveloper.pdf using Guid(b74aa5dbf60d9ee649085cd32503f7ad) Importer(2089858483,0ecaa5967403d082aa24f35e1b516d23) Generated GUIDs only implemented for interfaces!
 -> (artifact id: '66b05a5407e020c844c3ade59d31d2a5') in 0.003086 seconds
Number of updated asset objects reloaded before import = 0
Number of asset objects unloaded after import = 1
========================================================================
Received Import Request.
  Time since last request: 0.000076 seconds.
  path: Assets/polygonTrees/polygonTrees/scene/prefabs/scene.prefab
  artifactKey: Guid(250bc746c53f33bc4a8d03b5a278fc59) Importer(2089858483,0ecaa5967403d082aa24f35e1b516d23)
Start importing Assets/polygonTrees/polygonTrees/scene/prefabs/scene.prefab using Guid(250bc746c53f33bc4a8d03b5a278fc59) Importer(2089858483,0ecaa5967403d082aa24f35e1b516d23) Generated GUIDs only implemented for interfaces!
 -> (artifact id: 'ce53533bc30dc3f2adb27d2ba27c3d43') in 0.075259 seconds
Number of updated asset objects reloaded before import = 0
Number of asset objects unloaded after import = 85
========================================================================
Received Import Request.
  Time since last request: 0.000019 seconds.
  path: Assets/polygonTrees/polygonTrees/prefabs/dryBranch/meshCollider/dryBranches Variant.prefab
  artifactKey: Guid(5391567cbcdb10d7c9a57162c101f99d) Importer(2089858483,0ecaa5967403d082aa24f35e1b516d23)
Start importing Assets/polygonTrees/polygonTrees/prefabs/dryBranch/meshCollider/dryBranches Variant.prefab using Guid(5391567cbcdb10d7c9a57162c101f99d) Importer(2089858483,0ecaa5967403d082aa24f35e1b516d23) Generated GUIDs only implemented for interfaces!
 -> (artifact id: '7480b073ab43931e0e6d2829c48e1a8c') in 0.008980 seconds
Number of updated asset objects reloaded before import = 0
Number of asset objects unloaded after import = 14
========================================================================
Received Import Request.
  Time since last request: 0.000021 seconds.
  path: Assets/polygonTrees/polygonTrees/prefabs/shrubs/shrub Variant.prefab
  artifactKey: Guid(4a5c3f58cf4a9055693572e2fb1af5aa) Importer(2089858483,0ecaa5967403d082aa24f35e1b516d23)
Start importing Assets/polygonTrees/polygonTrees/prefabs/shrubs/shrub Variant.prefab using Guid(4a5c3f58cf4a9055693572e2fb1af5aa) Importer(2089858483,0ecaa5967403d082aa24f35e1b516d23) Generated GUIDs only implemented for interfaces!
 -> (artifact id: 'e8c098a6ae32dac61a6cd8de11b2b57b') in 0.009539 seconds
Number of updated asset objects reloaded before import = 0
Number of asset objects unloaded after import = 14
========================================================================
Received Import Request.
  Time since last request: 0.000017 seconds.
  path: Assets/GrassFlowers/Textures/GrassFlowers/grassFlower10.tga
  artifactKey: Guid(dcefc591c195a9f468e9157baa03eb4f) Importer(2089858483,0ecaa5967403d082aa24f35e1b516d23)
Start importing Assets/GrassFlowers/Textures/GrassFlowers/grassFlower10.tga using Guid(dcefc591c195a9f468e9157baa03eb4f) Importer(2089858483,0ecaa5967403d082aa24f35e1b516d23) Generated GUIDs only implemented for interfaces!
 -> (artifact id: '36d5ffdd80118962676d5189129c4db4') in 0.020444 seconds
Number of updated asset objects reloaded before import = 0
Number of asset objects unloaded after import = 1
========================================================================
Received Import Request.
  Time since last request: 0.000060 seconds.
  path: Assets/GrassFlowers/Textures/GrassFlowers/grassFlower09.tga
  artifactKey: Guid(d238efbd27bc5ae4ead9839995f74830) Importer(2089858483,0ecaa5967403d082aa24f35e1b516d23)
Start importing Assets/GrassFlowers/Textures/GrassFlowers/grassFlower09.tga using Guid(d238efbd27bc5ae4ead9839995f74830) Importer(2089858483,0ecaa5967403d082aa24f35e1b516d23) Generated GUIDs only implemented for interfaces!
 -> (artifact id: 'a97235776b3a9a9e4a0a075edff071e1') in 0.026615 seconds
Number of updated asset objects reloaded before import = 0
Number of asset objects unloaded after import = 1
========================================================================
Received Import Request.
  Time since last request: 0.000029 seconds.
  path: Assets/Flat Textures Pack/Textures/Winter_Cracked_Ice_C.png
  artifactKey: Guid(ac9df218827ab504e93d6862617b2de7) Importer(2089858483,0ecaa5967403d082aa24f35e1b516d23)
Start importing Assets/Flat Textures Pack/Textures/Winter_Cracked_Ice_C.png using Guid(ac9df218827ab504e93d6862617b2de7) Importer(2089858483,0ecaa5967403d082aa24f35e1b516d23) Generated GUIDs only implemented for interfaces!
 -> (artifact id: '9af1b44c3d18e3013c5364b30e53cfb6') in 0.023850 seconds
Number of updated asset objects reloaded before import = 0
Number of asset objects unloaded after import = 1
========================================================================
Received Import Request.
  Time since last request: 0.000071 seconds.
  path: Assets/polygonTrees/polygonTrees/prefabs/prefabLODs/dryBranchL/dryBranchesL.prefab
  artifactKey: Guid(9e42d362f46091b82aebde0d45dba66c) Importer(2089858483,0ecaa5967403d082aa24f35e1b516d23)
Start importing Assets/polygonTrees/polygonTrees/prefabs/prefabLODs/dryBranchL/dryBranchesL.prefab using Guid(9e42d362f46091b82aebde0d45dba66c) Importer(2089858483,0ecaa5967403d082aa24f35e1b516d23) Generated GUIDs only implemented for interfaces!
 -> (artifact id: '5d256c4acad019fb4d1bd0ecc4d5e6f2') in 0.007788 seconds
Number of updated asset objects reloaded before import = 0
Number of asset objects unloaded after import = 37
========================================================================
Received Import Request.
  Time since last request: 0.000019 seconds.
  path: Assets/polygonTrees/polygonTrees/models/rocks/rock/rock.fbx
  artifactKey: Guid(2e66151beec2ccfbfbdd935d2fb198e3) Importer(2089858483,0ecaa5967403d082aa24f35e1b516d23)
Start importing Assets/polygonTrees/polygonTrees/models/rocks/rock/rock.fbx using Guid(2e66151beec2ccfbfbdd935d2fb198e3) Importer(2089858483,0ecaa5967403d082aa24f35e1b516d23) Generated GUIDs only implemented for interfaces!
 -> (artifact id: 'f2e7c79c2d52af927819fddb27f2aa8b') in 0.047311 seconds
Number of updated asset objects reloaded before import = 0
Number of asset objects unloaded after import = 8
========================================================================
Received Import Request.
  Time since last request: 0.000055 seconds.
  path: Assets/polygonTrees/polygonTrees/prefabs/dryBranch/dryBranches Variant.prefab
  artifactKey: Guid(d64eab04e12df5469b30e8a2cb88a633) Importer(2089858483,0ecaa5967403d082aa24f35e1b516d23)
Start importing Assets/polygonTrees/polygonTrees/prefabs/dryBranch/dryBranches Variant.prefab using Guid(d64eab04e12df5469b30e8a2cb88a633) Importer(2089858483,0ecaa5967403d082aa24f35e1b516d23) Generated GUIDs only implemented for interfaces!
 -> (artifact id: '7048d53925ead0eeaa82cd376debb5b2') in 0.008589 seconds
Number of updated asset objects reloaded before import = 0
Number of asset objects unloaded after import = 14
========================================================================
Received Import Request.
  Time since last request: 0.000020 seconds.
  path: Assets/polygonTrees/polygonTrees/prefabs/prefabLODs/rockL/rockL.prefab
  artifactKey: Guid(d6428805343bebd038a04a693cf69c3a) Importer(2089858483,0ecaa5967403d082aa24f35e1b516d23)
Start importing Assets/polygonTrees/polygonTrees/prefabs/prefabLODs/rockL/rockL.prefab using Guid(d6428805343bebd038a04a693cf69c3a) Importer(2089858483,0ecaa5967403d082aa24f35e1b516d23) Generated GUIDs only implemented for interfaces!
 -> (artifact id: '0d576e9da135edf08f132ac66655bf2b') in 0.008431 seconds
Number of updated asset objects reloaded before import = 0
Number of asset objects unloaded after import = 37
========================================================================
Received Import Request.
  Time since last request: 0.000020 seconds.
  path: Assets/polygonTrees/polygonTrees/prefabs/shrubs/bigLeavesShrubs Variant.prefab
  artifactKey: Guid(6bbaea1be78b8d02d852cd83ce21cd94) Importer(2089858483,0ecaa5967403d082aa24f35e1b516d23)
Start importing Assets/polygonTrees/polygonTrees/prefabs/shrubs/bigLeavesShrubs Variant.prefab using Guid(6bbaea1be78b8d02d852cd83ce21cd94) Importer(2089858483,0ecaa5967403d082aa24f35e1b516d23) Generated GUIDs only implemented for interfaces!
 -> (artifact id: '9bc597bbe3358cdcbc49668388313ec6') in 0.015694 seconds
Number of updated asset objects reloaded before import = 0
Number of asset objects unloaded after import = 14
========================================================================
Received Import Request.
  Time since last request: 0.000028 seconds.
  path: Assets/Flat Textures Pack/Materials/Desert_Sand_A.mat
  artifactKey: Guid(f112b988042d5844d86a06f124d4ea41) Importer(2089858483,0ecaa5967403d082aa24f35e1b516d23)
Start importing Assets/Flat Textures Pack/Materials/Desert_Sand_A.mat using Guid(f112b988042d5844d86a06f124d4ea41) Importer(2089858483,0ecaa5967403d082aa24f35e1b516d23) Generated GUIDs only implemented for interfaces!
 -> (artifact id: '92f92f39cc06ea2d48bb99bc66a17ba0') in 0.008649 seconds
Number of updated asset objects reloaded before import = 0
Number of asset objects unloaded after import = 2
========================================================================
Received Import Request.
  Time since last request: 0.000019 seconds.
  path: Assets/Flat Textures Pack/Materials/Summer_Moss.mat
  artifactKey: Guid(ee8af93f6543af1418cb59d1c38e78be) Importer(2089858483,0ecaa5967403d082aa24f35e1b516d23)
Start importing Assets/Flat Textures Pack/Materials/Summer_Moss.mat using Guid(ee8af93f6543af1418cb59d1c38e78be) Importer(2089858483,0ecaa5967403d082aa24f35e1b516d23) Generated GUIDs only implemented for interfaces!
 -> (artifact id: '267bfe89123bd2f00c054afe098f7864') in 0.007925 seconds
Number of updated asset objects reloaded before import = 0
Number of asset objects unloaded after import = 2
========================================================================
Received Import Request.
  Time since last request: 0.000020 seconds.
  path: Assets/Flat Textures Pack/Materials/Summer_Mud_A.mat
  artifactKey: Guid(a272687875e64684daa5f944e711872d) Importer(2089858483,0ecaa5967403d082aa24f35e1b516d23)
Start importing Assets/Flat Textures Pack/Materials/Summer_Mud_A.mat using Guid(a272687875e64684daa5f944e711872d) Importer(2089858483,0ecaa5967403d082aa24f35e1b516d23) Generated GUIDs only implemented for interfaces!
 -> (artifact id: '51a4f1dea445a2978769c05d9d119690') in 0.007157 seconds
Number of updated asset objects reloaded before import = 0
Number of asset objects unloaded after import = 2
========================================================================
Received Import Request.
  Time since last request: 0.000019 seconds.
  path: Assets/Flat Textures Pack/Textures/Summer_Moss_Normal.png
  artifactKey: Guid(20dff3c6bf206e44eb547634b5455d9c) Importer(2089858483,0ecaa5967403d082aa24f35e1b516d23)
Start importing Assets/Flat Textures Pack/Textures/Summer_Moss_Normal.png using Guid(20dff3c6bf206e44eb547634b5455d9c) Importer(2089858483,0ecaa5967403d082aa24f35e1b516d23) Generated GUIDs only implemented for interfaces!
 -> (artifact id: '35d564c8b7fa04467b311835aa8be5e2') in 0.025760 seconds
Number of updated asset objects reloaded before import = 0
Number of asset objects unloaded after import = 1
========================================================================
Received Import Request.
  Time since last request: 0.000113 seconds.
  path: Assets/GrassFlowers/Textures/GrassFlowers/grassFlower07.tga
  artifactKey: Guid(5afd653e4d79b7a4c9523dd543c0bead) Importer(2089858483,0ecaa5967403d082aa24f35e1b516d23)
Start importing Assets/GrassFlowers/Textures/GrassFlowers/grassFlower07.tga using Guid(5afd653e4d79b7a4c9523dd543c0bead) Importer(2089858483,0ecaa5967403d082aa24f35e1b516d23) Generated GUIDs only implemented for interfaces!
 -> (artifact id: '90d6d4d45a91023660ebc4643959dc98') in 0.020486 seconds
Number of updated asset objects reloaded before import = 0
Number of asset objects unloaded after import = 1
========================================================================
Received Import Request.
  Time since last request: 0.000067 seconds.
  path: Assets/Flat Textures Pack/Textures/Summer_Rocks.png
  artifactKey: Guid(fb4c9126ed8df1140868be39f7d0b4bb) Importer(2089858483,0ecaa5967403d082aa24f35e1b516d23)
Start importing Assets/Flat Textures Pack/Textures/Summer_Rocks.png using Guid(fb4c9126ed8df1140868be39f7d0b4bb) Importer(2089858483,0ecaa5967403d082aa24f35e1b516d23) Generated GUIDs only implemented for interfaces!
 -> (artifact id: 'e7984aaa73a86108d1fdb96d63c71df0') in 0.032836 seconds
Number of updated asset objects reloaded before import = 0
Number of asset objects unloaded after import = 1
========================================================================
Received Import Request.
  Time since last request: 0.000034 seconds.
  path: Assets/polygonTrees/polygonTrees/scene/scenePackage.unity
  artifactKey: Guid(8ce5fa2995ad112d3b74b5a73b016bc1) Importer(2089858483,0ecaa5967403d082aa24f35e1b516d23)
Start importing Assets/polygonTrees/polygonTrees/scene/scenePackage.unity using Guid(8ce5fa2995ad112d3b74b5a73b016bc1) Importer(2089858483,0ecaa5967403d082aa24f35e1b516d23) Generated GUIDs only implemented for interfaces!
 -> (artifact id: '3abfba415c4292adc2b24bb5cdf0e473') in 0.005796 seconds
Number of updated asset objects reloaded before import = 0
Number of asset objects unloaded after import = 1
========================================================================
Received Import Request.
  Time since last request: 0.000129 seconds.
  path: Assets/polygonTrees/polygonTrees/toTheDeveloper/SmallRecommendationsAndTips.pdf
  artifactKey: Guid(608b5bd8cb3ed7c3482096b145a4f0d9) Importer(2089858483,0ecaa5967403d082aa24f35e1b516d23)
Start importing Assets/polygonTrees/polygonTrees/toTheDeveloper/SmallRecommendationsAndTips.pdf using Guid(608b5bd8cb3ed7c3482096b145a4f0d9) Importer(2089858483,0ecaa5967403d082aa24f35e1b516d23) Generated GUIDs only implemented for interfaces!
 -> (artifact id: '6a6a21bc605705f24e06428937ceb822') in 0.006046 seconds
Number of updated asset objects reloaded before import = 0
Number of asset objects unloaded after import = 1
========================================================================
Received Import Request.
  Time since last request: 0.000102 seconds.
  path: Assets/polygonTrees/polygonTrees/prefabs/prefabLODs/dryTree/dryTreeL.prefab
  artifactKey: Guid(1987d45a30fa64addae3735d348f2881) Importer(2089858483,0ecaa5967403d082aa24f35e1b516d23)
Start importing Assets/polygonTrees/polygonTrees/prefabs/prefabLODs/dryTree/dryTreeL.prefab using Guid(1987d45a30fa64addae3735d348f2881) Importer(2089858483,0ecaa5967403d082aa24f35e1b516d23) Generated GUIDs only implemented for interfaces!
 -> (artifact id: 'da0febf2533795efae1d08394f708d55') in 0.015025 seconds
Number of updated asset objects reloaded before import = 0
Number of asset objects unloaded after import = 37
========================================================================
Received Import Request.
  Time since last request: 0.000072 seconds.
  path: Assets/Flat Textures Pack/Materials/Desert_Cliff.mat
  artifactKey: Guid(759f0740a4cb77047931846c47ae6924) Importer(2089858483,0ecaa5967403d082aa24f35e1b516d23)
Start importing Assets/Flat Textures Pack/Materials/Desert_Cliff.mat using Guid(759f0740a4cb77047931846c47ae6924) Importer(2089858483,0ecaa5967403d082aa24f35e1b516d23) Generated GUIDs only implemented for interfaces!
 -> (artifact id: '0a33663d6d311bcdc18579ea822d8d79') in 0.007722 seconds
Number of updated asset objects reloaded before import = 0
Number of asset objects unloaded after import = 2
========================================================================
Received Import Request.
  Time since last request: 0.000046 seconds.
  path: Assets/Flat Textures Pack/Materials/Cave_FireGround.mat
  artifactKey: Guid(058595cb07ad23946a0a151be620489b) Importer(2089858483,0ecaa5967403d082aa24f35e1b516d23)
Start importing Assets/Flat Textures Pack/Materials/Cave_FireGround.mat using Guid(058595cb07ad23946a0a151be620489b) Importer(2089858483,0ecaa5967403d082aa24f35e1b516d23) Generated GUIDs only implemented for interfaces!
 -> (artifact id: '7f43a7ba5756fd2590749a639cde1a4a') in 0.009541 seconds
Number of updated asset objects reloaded before import = 0
Number of asset objects unloaded after import = 2
========================================================================
Received Import Request.
  Time since last request: 0.000023 seconds.
  path: Assets/Flat Textures Pack/Textures/Summer_Flowers.png
  artifactKey: Guid(0d0a4eda378924a488fc68a509785635) Importer(2089858483,0ecaa5967403d082aa24f35e1b516d23)
Start importing Assets/Flat Textures Pack/Textures/Summer_Flowers.png using Guid(0d0a4eda378924a488fc68a509785635) Importer(2089858483,0ecaa5967403d082aa24f35e1b516d23) Generated GUIDs only implemented for interfaces!
 -> (artifact id: '5e0d06eecc3e720bb506293ef2360981') in 0.035482 seconds
Number of updated asset objects reloaded before import = 0
Number of asset objects unloaded after import = 1
========================================================================
Received Import Request.
  Time since last request: 0.000050 seconds.
  path: Assets/polygonTrees/polygonTrees/prefabs/grass/littleGrass Variant.prefab
  artifactKey: Guid(fcab16f0d26cd82dab4e96bf1ef5ecc5) Importer(2089858483,0ecaa5967403d082aa24f35e1b516d23)
Start importing Assets/polygonTrees/polygonTrees/prefabs/grass/littleGrass Variant.prefab using Guid(fcab16f0d26cd82dab4e96bf1ef5ecc5) Importer(2089858483,0ecaa5967403d082aa24f35e1b516d23) Generated GUIDs only implemented for interfaces!
 -> (artifact id: '5dcdf7691dadad8412e19e06bfd9e577') in 0.012825 seconds
Number of updated asset objects reloaded before import = 0
Number of asset objects unloaded after import = 14
========================================================================
Received Import Request.
  Time since last request: 0.000021 seconds.
  path: Assets/Flat Textures Pack/Textures/Cave_Bush.png
  artifactKey: Guid(f66cf91fe79cffe4bbe6a155e61e4bb7) Importer(2089858483,0ecaa5967403d082aa24f35e1b516d23)
Start importing Assets/Flat Textures Pack/Textures/Cave_Bush.png using Guid(f66cf91fe79cffe4bbe6a155e61e4bb7) Importer(2089858483,0ecaa5967403d082aa24f35e1b516d23) Generated GUIDs only implemented for interfaces!
 -> (artifact id: '7d08db115f03904ad75708a23077c090') in 0.023818 seconds
Number of updated asset objects reloaded before import = 0
Number of asset objects unloaded after import = 1
========================================================================
Received Import Request.
  Time since last request: 0.000040 seconds.
  path: Assets/polygonTrees/polygonTrees/models/shrubs/littleLeavesShrub/editableMaterials/shrubMaterial.mat
  artifactKey: Guid(c25517ee5a76f09549ca2824ff138bd4) Importer(2089858483,0ecaa5967403d082aa24f35e1b516d23)
Start importing Assets/polygonTrees/polygonTrees/models/shrubs/littleLeavesShrub/editableMaterials/shrubMaterial.mat using Guid(c25517ee5a76f09549ca2824ff138bd4) Importer(2089858483,0ecaa5967403d082aa24f35e1b516d23) Generated GUIDs only implemented for interfaces!
 -> (artifact id: '52dd7fabc15cea611baf51dd792409bb') in 0.007980 seconds
Number of updated asset objects reloaded before import = 0
Number of asset objects unloaded after import = 1
========================================================================
Received Import Request.
  Time since last request: 0.000023 seconds.
  path: Assets/polygonTrees/polygonTrees/prefabs/tree/DryTrees/meshCollider/dryPurpleTree Variant.prefab
  artifactKey: Guid(516bc9ebd685fafd38842bd3b4856a82) Importer(2089858483,0ecaa5967403d082aa24f35e1b516d23)
Start importing Assets/polygonTrees/polygonTrees/prefabs/tree/DryTrees/meshCollider/dryPurpleTree Variant.prefab using Guid(516bc9ebd685fafd38842bd3b4856a82) Importer(2089858483,0ecaa5967403d082aa24f35e1b516d23) Generated GUIDs only implemented for interfaces!
 -> (artifact id: '9fcbf92aa5c8af121120ec00e346f786') in 0.018746 seconds
Number of updated asset objects reloaded before import = 0
Number of asset objects unloaded after import = 14
========================================================================
Received Import Request.
  Time since last request: 0.000022 seconds.
  path: Assets/polygonTrees/polygonTrees/models/modelsWithLods/dryBranches/dryBranchesL/dryBranchesL.fbx
  artifactKey: Guid(fb91b7f9b4c80cd8889828202fdfb9e3) Importer(2089858483,0ecaa5967403d082aa24f35e1b516d23)
Start importing Assets/polygonTrees/polygonTrees/models/modelsWithLods/dryBranches/dryBranchesL/dryBranchesL.fbx using Guid(fb91b7f9b4c80cd8889828202fdfb9e3) Importer(2089858483,0ecaa5967403d082aa24f35e1b516d23) Generated GUIDs only implemented for interfaces!
 -> (artifact id: '5b57410a02c22d68b9e38066e5ab0f46') in 0.025561 seconds
Number of updated asset objects reloaded before import = 0
Number of asset objects unloaded after import = 20
========================================================================
Received Import Request.
  Time since last request: 0.000022 seconds.
  path: Assets/polygonTrees/polygonTrees/prefabs/prefabLODs/trees/tree1L.prefab
  artifactKey: Guid(e1058c6956dd308aeaf75230cea768c0) Importer(2089858483,0ecaa5967403d082aa24f35e1b516d23)
Start importing Assets/polygonTrees/polygonTrees/prefabs/prefabLODs/trees/tree1L.prefab using Guid(e1058c6956dd308aeaf75230cea768c0) Importer(2089858483,0ecaa5967403d082aa24f35e1b516d23) Generated GUIDs only implemented for interfaces!
 -> (artifact id: 'd60fa35d71cdf95ea51d7cfa8d88d2c4') in 0.024040 seconds
Number of updated asset objects reloaded before import = 0
Number of asset objects unloaded after import = 37
========================================================================
Received Import Request.
  Time since last request: 0.000025 seconds.
  path: Assets/polygonTrees/polygonTrees/prefabs/tree/DryTrees/bigLeavesTree Variant.prefab
  artifactKey: Guid(ef651b83add527584aa2543d5c842cef) Importer(2089858483,0ecaa5967403d082aa24f35e1b516d23)
Start importing Assets/polygonTrees/polygonTrees/prefabs/tree/DryTrees/bigLeavesTree Variant.prefab using Guid(ef651b83add527584aa2543d5c842cef) Importer(2089858483,0ecaa5967403d082aa24f35e1b516d23) Generated GUIDs only implemented for interfaces!
 -> (artifact id: 'ef77d0fca39c27157a87aa65c118b796') in 0.011521 seconds
Number of updated asset objects reloaded before import = 0
Number of asset objects unloaded after import = 14
========================================================================
Received Import Request.
  Time since last request: 0.000017 seconds.
  path: Assets/polygonTrees/polygonTrees/prefabs/prefabLODs/trees/simpleTreeL.prefab
  artifactKey: Guid(212f325bed8f67757931990be0361431) Importer(2089858483,0ecaa5967403d082aa24f35e1b516d23)
Start importing Assets/polygonTrees/polygonTrees/prefabs/prefabLODs/trees/simpleTreeL.prefab using Guid(212f325bed8f67757931990be0361431) Importer(2089858483,0ecaa5967403d082aa24f35e1b516d23) Generated GUIDs only implemented for interfaces!
 -> (artifact id: '9bc334380809f9114593c0429318987f') in 0.011252 seconds
Number of updated asset objects reloaded before import = 0
Number of asset objects unloaded after import = 37
========================================================================
Received Import Request.
  Time since last request: 0.000018 seconds.
  path: Assets/polygonTrees/polygonTrees/models/modelsWithLods/dryBranches/dryBranchesL/editableMaterial/deadTreeMaterial.mat
  artifactKey: Guid(ff4932141d8edb264a6039b89e750ac8) Importer(2089858483,0ecaa5967403d082aa24f35e1b516d23)
Start importing Assets/polygonTrees/polygonTrees/models/modelsWithLods/dryBranches/dryBranchesL/editableMaterial/deadTreeMaterial.mat using Guid(ff4932141d8edb264a6039b89e750ac8) Importer(2089858483,0ecaa5967403d082aa24f35e1b516d23) Generated GUIDs only implemented for interfaces!
 -> (artifact id: '04ebf1d4b1cf012f4472ec0eb56a84b4') in 0.007309 seconds
Number of updated asset objects reloaded before import = 0
Number of asset objects unloaded after import = 1
========================================================================
Received Import Request.
  Time since last request: 0.000018 seconds.
  path: Assets/polygonTrees/polygonTrees/models/modelsWithLods/dryTree/dryTreeL/dryTreeL.fbx
  artifactKey: Guid(b9546b094c50fa41dbc980187ffd9fa7) Importer(2089858483,0ecaa5967403d082aa24f35e1b516d23)
Start importing Assets/polygonTrees/polygonTrees/models/modelsWithLods/dryTree/dryTreeL/dryTreeL.fbx using Guid(b9546b094c50fa41dbc980187ffd9fa7) Importer(2089858483,0ecaa5967403d082aa24f35e1b516d23) Generated GUIDs only implemented for interfaces!
 -> (artifact id: '64cde9cac67505ac9c50c3af501f6848') in 0.033126 seconds
Number of updated asset objects reloaded before import = 0
Number of asset objects unloaded after import = 20
========================================================================
Received Import Request.
  Time since last request: 0.000024 seconds.
  path: Assets/polygonTrees/polygonTrees/prefabs/tree/DryTrees/meshCollider/dryFallenBranchesTree Variant.prefab
  artifactKey: Guid(d287642e8b29ecfa8b5bf74fb9bffb3f) Importer(2089858483,0ecaa5967403d082aa24f35e1b516d23)
Start importing Assets/polygonTrees/polygonTrees/prefabs/tree/DryTrees/meshCollider/dryFallenBranchesTree Variant.prefab using Guid(d287642e8b29ecfa8b5bf74fb9bffb3f) Importer(2089858483,0ecaa5967403d082aa24f35e1b516d23) Generated GUIDs only implemented for interfaces!
 -> (artifact id: '1523dd5d7ddd194ae95976feddf87706') in 0.009581 seconds
Number of updated asset objects reloaded before import = 0
Number of asset objects unloaded after import = 14
========================================================================
Received Import Request.
  Time since last request: 0.000038 seconds.
  path: Assets/polygonTrees/polygonTrees/models/trees/trees/fallenBranchesTree/fallenBranchesTree.fbx
  artifactKey: Guid(8de141720bc4aa5debd9f47d7cac2db5) Importer(2089858483,0ecaa5967403d082aa24f35e1b516d23)
Start importing Assets/polygonTrees/polygonTrees/models/trees/trees/fallenBranchesTree/fallenBranchesTree.fbx using Guid(8de141720bc4aa5debd9f47d7cac2db5) Importer(2089858483,0ecaa5967403d082aa24f35e1b516d23) Generated GUIDs only implemented for interfaces!
 -> (artifact id: '7e211d84826c1a64360a66a8ea04f759') in 0.029377 seconds
Number of updated asset objects reloaded before import = 0
Number of asset objects unloaded after import = 9
========================================================================
Received Import Request.
  Time since last request: 0.000017 seconds.
  path: Assets/polygonTrees/polygonTrees/prefabs/tree/trees/meshCollider/bigLeavesTree Variant.prefab
  artifactKey: Guid(ec34882ba31489d06961bd32786a0806) Importer(2089858483,0ecaa5967403d082aa24f35e1b516d23)
Start importing Assets/polygonTrees/polygonTrees/prefabs/tree/trees/meshCollider/bigLeavesTree Variant.prefab using Guid(ec34882ba31489d06961bd32786a0806) Importer(2089858483,0ecaa5967403d082aa24f35e1b516d23) Generated GUIDs only implemented for interfaces!
 -> (artifact id: '6aa9de7b0e8e2b7b077bc97d0eb2ff4c') in 0.011338 seconds
Number of updated asset objects reloaded before import = 0
Number of asset objects unloaded after import = 14
========================================================================
Received Import Request.
  Time since last request: 0.000019 seconds.
  path: Assets/polygonTrees/polygonTrees/models/modelsWithLods/trees/simpleTreeL/simpleTreeL.fbx
  artifactKey: Guid(c4c1b5fd6a7a4665fbbd1213453e8190) Importer(2089858483,0ecaa5967403d082aa24f35e1b516d23)
Start importing Assets/polygonTrees/polygonTrees/models/modelsWithLods/trees/simpleTreeL/simpleTreeL.fbx using Guid(c4c1b5fd6a7a4665fbbd1213453e8190) Importer(2089858483,0ecaa5967403d082aa24f35e1b516d23) Generated GUIDs only implemented for interfaces!
 -> (artifact id: '3515954f1c902f233e209a0ff35760d7') in 0.040065 seconds
Number of updated asset objects reloaded before import = 0
Number of asset objects unloaded after import = 21
========================================================================
Received Import Request.
  Time since last request: 0.000024 seconds.
  path: Assets/polygonTrees/polygonTrees/prefabs/tree/DryTrees/meshCollider/bigLeavesTree Variant.prefab
  artifactKey: Guid(f3793cd1283e52ecf96d59550173a88d) Importer(2089858483,0ecaa5967403d082aa24f35e1b516d23)
Start importing Assets/polygonTrees/polygonTrees/prefabs/tree/DryTrees/meshCollider/bigLeavesTree Variant.prefab using Guid(f3793cd1283e52ecf96d59550173a88d) Importer(2089858483,0ecaa5967403d082aa24f35e1b516d23) Generated GUIDs only implemented for interfaces!
 -> (artifact id: '0ccebf0bdcf78f7c31a43d4ca63b240e') in 0.017795 seconds
Number of updated asset objects reloaded before import = 0
Number of asset objects unloaded after import = 14
========================================================================
Received Import Request.
  Time since last request: 0.000022 seconds.
  path: Assets/polygonTrees/polygonTrees/models/modelsWithLods/trees/bigLeavesTreeL/bigLeavesTreeL.fbx
  artifactKey: Guid(e5defcd771ea6ccb18c54c540bfbcfdd) Importer(2089858483,0ecaa5967403d082aa24f35e1b516d23)
Start importing Assets/polygonTrees/polygonTrees/models/modelsWithLods/trees/bigLeavesTreeL/bigLeavesTreeL.fbx using Guid(e5defcd771ea6ccb18c54c540bfbcfdd) Importer(2089858483,0ecaa5967403d082aa24f35e1b516d23) Generated GUIDs only implemented for interfaces!
 -> (artifact id: '7bedb46e61f70d15dea89b3a27001a13') in 0.046200 seconds
Number of updated asset objects reloaded before import = 0
Number of asset objects unloaded after import = 21
========================================================================
Received Import Request.
  Time since last request: 0.000022 seconds.
  path: Assets/polygonTrees/polygonTrees/prefabs/prefabLODs/trees/bigLeavesTreeL.prefab
  artifactKey: Guid(bd50cc1ba1f197edf95ec3f49d143950) Importer(2089858483,0ecaa5967403d082aa24f35e1b516d23)
Start importing Assets/polygonTrees/polygonTrees/prefabs/prefabLODs/trees/bigLeavesTreeL.prefab using Guid(bd50cc1ba1f197edf95ec3f49d143950) Importer(2089858483,0ecaa5967403d082aa24f35e1b516d23) Generated GUIDs only implemented for interfaces!
 -> (artifact id: 'a95f51973e8fa76b427baa674697d5ca') in 0.016870 seconds
Number of updated asset objects reloaded before import = 0
Number of asset objects unloaded after import = 37
========================================================================
Received Import Request.
  Time since last request: 0.000031 seconds.
  path: Assets/polygonTrees/polygonTrees/prefabs/shrubs/meshCollider/shrub Variant.prefab
  artifactKey: Guid(10d973f2d165438a3827a0b355c44a59) Importer(2089858483,0ecaa5967403d082aa24f35e1b516d23)
Start importing Assets/polygonTrees/polygonTrees/prefabs/shrubs/meshCollider/shrub Variant.prefab using Guid(10d973f2d165438a3827a0b355c44a59) Importer(2089858483,0ecaa5967403d082aa24f35e1b516d23) Generated GUIDs only implemented for interfaces!
 -> (artifact id: 'e25a30d78f8c267ab7d3a8d169480e1c') in 0.015645 seconds
Number of updated asset objects reloaded before import = 0
Number of asset objects unloaded after import = 14
========================================================================
Received Import Request.
  Time since last request: 0.000027 seconds.
  path: Assets/polygonTrees/polygonTrees/models/modelsWithLods/rocks/rockL/rockL.fbx
  artifactKey: Guid(428ad60f985294eb4b8409283a04b3f1) Importer(2089858483,0ecaa5967403d082aa24f35e1b516d23)
Start importing Assets/polygonTrees/polygonTrees/models/modelsWithLods/rocks/rockL/rockL.fbx using Guid(428ad60f985294eb4b8409283a04b3f1) Importer(2089858483,0ecaa5967403d082aa24f35e1b516d23) Generated GUIDs only implemented for interfaces!
 -> (artifact id: 'dadc260df59551512d7bc17329722b71') in 0.040649 seconds
Number of updated asset objects reloaded before import = 0
Number of asset objects unloaded after import = 20
========================================================================
Received Import Request.
  Time since last request: 0.000030 seconds.
  path: Assets/polygonTrees/polygonTrees/models/shrubs/bigLeavesShrubs/editableMaterials/shrubsMaterial.mat
  artifactKey: Guid(21f650163a1f53258841019fce3de45c) Importer(2089858483,0ecaa5967403d082aa24f35e1b516d23)
Start importing Assets/polygonTrees/polygonTrees/models/shrubs/bigLeavesShrubs/editableMaterials/shrubsMaterial.mat using Guid(21f650163a1f53258841019fce3de45c) Importer(2089858483,0ecaa5967403d082aa24f35e1b516d23) Generated GUIDs only implemented for interfaces!
 -> (artifact id: '74b6473f503b4c5599c6e8572354da74') in 0.010713 seconds
Number of updated asset objects reloaded before import = 0
Number of asset objects unloaded after import = 1
========================================================================
Received Import Request.
  Time since last request: 0.000036 seconds.
  path: Assets/polygonTrees/polygonTrees/models/modelsWithLods/dryBranches/deadTreeL/editableMaterial/deadTreeMaterial.mat
  artifactKey: Guid(7ecfb6ee935cccca292f3b84a8dbd6cb) Importer(2089858483,0ecaa5967403d082aa24f35e1b516d23)
Start importing Assets/polygonTrees/polygonTrees/models/modelsWithLods/dryBranches/deadTreeL/editableMaterial/deadTreeMaterial.mat using Guid(7ecfb6ee935cccca292f3b84a8dbd6cb) Importer(2089858483,0ecaa5967403d082aa24f35e1b516d23) Generated GUIDs only implemented for interfaces!
 -> (artifact id: 'cfe10c7fee932d885128d5e0ac8607a8') in 0.008938 seconds
Number of updated asset objects reloaded before import = 0
Number of asset objects unloaded after import = 1
========================================================================
Received Import Request.
  Time since last request: 0.000021 seconds.
  path: Assets/polygonTrees/polygonTrees/models/modelsWithLods/trees/purpleTreeL/purpleTreeL.fbx
  artifactKey: Guid(b3c2b23919fdfff969ab35ad9c5ddb37) Importer(2089858483,0ecaa5967403d082aa24f35e1b516d23)
Start importing Assets/polygonTrees/polygonTrees/models/modelsWithLods/trees/purpleTreeL/purpleTreeL.fbx using Guid(b3c2b23919fdfff969ab35ad9c5ddb37) Importer(2089858483,0ecaa5967403d082aa24f35e1b516d23) Generated GUIDs only implemented for interfaces!
 -> (artifact id: '7fd995500ad5c731bfa6ba872cbf034b') in 0.050564 seconds
Number of updated asset objects reloaded before import = 0
Number of asset objects unloaded after import = 21
========================================================================
Received Import Request.
  Time since last request: 0.000024 seconds.
  path: Assets/polygonTrees/polygonTrees/prefabs/tree/DryTrees/meshCollider/dryTree Variant.prefab
  artifactKey: Guid(6156f12d025f5ac51bb4334c19cf3d3f) Importer(2089858483,0ecaa5967403d082aa24f35e1b516d23)
Start importing Assets/polygonTrees/polygonTrees/prefabs/tree/DryTrees/meshCollider/dryTree Variant.prefab using Guid(6156f12d025f5ac51bb4334c19cf3d3f) Importer(2089858483,0ecaa5967403d082aa24f35e1b516d23) Generated GUIDs only implemented for interfaces!
 -> (artifact id: 'f39cc1b3c6dff815e6dd5745f0cd0971') in 0.012856 seconds
Number of updated asset objects reloaded before import = 0
Number of asset objects unloaded after import = 14
========================================================================
Received Import Request.
  Time since last request: 0.000019 seconds.
  path: Assets/polygonTrees/polygonTrees/models/modelsWithLods/rocks/redRockL/redRockL.fbx
  artifactKey: Guid(95e88f2a95130ef4ba7cadaebe671869) Importer(2089858483,0ecaa5967403d082aa24f35e1b516d23)
Start importing Assets/polygonTrees/polygonTrees/models/modelsWithLods/rocks/redRockL/redRockL.fbx using Guid(95e88f2a95130ef4ba7cadaebe671869) Importer(2089858483,0ecaa5967403d082aa24f35e1b516d23) Generated GUIDs only implemented for interfaces!
 -> (artifact id: 'b44b90b4e826a819e68bc12cdfdb4a88') in 0.026484 seconds
Number of updated asset objects reloaded before import = 0
Number of asset objects unloaded after import = 20
========================================================================
Received Import Request.
  Time since last request: 0.000021 seconds.
  path: Assets/polygonTrees/polygonTrees/models/modelsWithLods/shrub/shrubL/shrubL.fbx
  artifactKey: Guid(6b56d34470e9c7a05aae3a7434a4e989) Importer(2089858483,0ecaa5967403d082aa24f35e1b516d23)
Start importing Assets/polygonTrees/polygonTrees/models/modelsWithLods/shrub/shrubL/shrubL.fbx using Guid(6b56d34470e9c7a05aae3a7434a4e989) Importer(2089858483,0ecaa5967403d082aa24f35e1b516d23) Generated GUIDs only implemented for interfaces!
 -> (artifact id: '2438d97d67aba36ea465e5c656f1abac') in 0.047521 seconds
Number of updated asset objects reloaded before import = 0
Number of asset objects unloaded after import = 21
========================================================================
Received Import Request.
  Time since last request: 0.000019 seconds.
  path: Assets/polygonTrees/polygonTrees/models/shrubs/littleLeavesShrub/editableMaterials/leavesMaterial.mat
  artifactKey: Guid(6cb491792e4b7313ea930d107eda703f) Importer(2089858483,0ecaa5967403d082aa24f35e1b516d23)
Start importing Assets/polygonTrees/polygonTrees/models/shrubs/littleLeavesShrub/editableMaterials/leavesMaterial.mat using Guid(6cb491792e4b7313ea930d107eda703f) Importer(2089858483,0ecaa5967403d082aa24f35e1b516d23) Generated GUIDs only implemented for interfaces!
 -> (artifact id: 'e1c2ca0482a8b54c4e9648c1b2545718') in 0.010422 seconds
Number of updated asset objects reloaded before import = 0
Number of asset objects unloaded after import = 1
========================================================================
Received Import Request.
  Time since last request: 0.000055 seconds.
  path: Assets/GrassFlowers/Demo/DemoGrassFlowers/ReflectionProbe-0.exr
  artifactKey: Guid(ff26dd0d532f43942b51232390841a6d) Importer(2089858483,0ecaa5967403d082aa24f35e1b516d23)
Start importing Assets/GrassFlowers/Demo/DemoGrassFlowers/ReflectionProbe-0.exr using Guid(ff26dd0d532f43942b51232390841a6d) Importer(2089858483,0ecaa5967403d082aa24f35e1b516d23) Generated GUIDs only implemented for interfaces!
 -> (artifact id: 'ae5e9acceca46c43f072f9ef96ef4a9c') in 0.031054 seconds
Number of updated asset objects reloaded before import = 0
Number of asset objects unloaded after import = 1
========================================================================
Received Import Request.
  Time since last request: 0.000031 seconds.
  path: Assets/polygonTrees/polygonTrees/models/modelsWithLods/rocks/redRockL/naturalMaterial/redRockMaterial 1.mat
  artifactKey: Guid(a2524aebb7f27083e910b7e85f58bf9c) Importer(2089858483,0ecaa5967403d082aa24f35e1b516d23)
Start importing Assets/polygonTrees/polygonTrees/models/modelsWithLods/rocks/redRockL/naturalMaterial/redRockMaterial 1.mat using Guid(a2524aebb7f27083e910b7e85f58bf9c) Importer(2089858483,0ecaa5967403d082aa24f35e1b516d23) Generated GUIDs only implemented for interfaces!
 -> (artifact id: 'c9c42c3293e1e116923a1e2bce56c8bd') in 0.005462 seconds
Number of updated asset objects reloaded before import = 0
Number of asset objects unloaded after import = 1
========================================================================
Received Import Request.
  Time since last request: 0.000018 seconds.
  path: Assets/polygonTrees/polygonTrees/models/modelsWithLods/trees/purpleTreeL/editableMaterial/TreeMaterial.mat
  artifactKey: Guid(bd6ebc51b46cd45828e900cd39022151) Importer(2089858483,0ecaa5967403d082aa24f35e1b516d23)
Start importing Assets/polygonTrees/polygonTrees/models/modelsWithLods/trees/purpleTreeL/editableMaterial/TreeMaterial.mat using Guid(bd6ebc51b46cd45828e900cd39022151) Importer(2089858483,0ecaa5967403d082aa24f35e1b516d23) Generated GUIDs only implemented for interfaces!
 -> (artifact id: '8ea90e3211fca81b8976ed093633ed47') in 0.007324 seconds
Number of updated asset objects reloaded before import = 0
Number of asset objects unloaded after import = 1
========================================================================
Received Import Request.
  Time since last request: 0.000023 seconds.
  path: Assets/polygonTrees/polygonTrees/models/modelsWithLods/trees/bigLeavesTreeL/editableMaterial/TreeMaterial.mat
  artifactKey: Guid(aebf90da33d076188bc5f19f013c6234) Importer(2089858483,0ecaa5967403d082aa24f35e1b516d23)
Start importing Assets/polygonTrees/polygonTrees/models/modelsWithLods/trees/bigLeavesTreeL/editableMaterial/TreeMaterial.mat using Guid(aebf90da33d076188bc5f19f013c6234) Importer(2089858483,0ecaa5967403d082aa24f35e1b516d23) Generated GUIDs only implemented for interfaces!
 -> (artifact id: '0bb0af44145621da5df5fc68863d487f') in 0.006131 seconds
Number of updated asset objects reloaded before import = 0
Number of asset objects unloaded after import = 1
========================================================================
Received Import Request.
  Time since last request: 0.000028 seconds.
  path: Assets/polygonTrees/polygonTrees/models/modelsWithLods/trees/tree1L/naturalMaterial/treeMaterialN.mat
  artifactKey: Guid(d78827ab19c063e399bb98b18b5ac58d) Importer(2089858483,0ecaa5967403d082aa24f35e1b516d23)
Start importing Assets/polygonTrees/polygonTrees/models/modelsWithLods/trees/tree1L/naturalMaterial/treeMaterialN.mat using Guid(d78827ab19c063e399bb98b18b5ac58d) Importer(2089858483,0ecaa5967403d082aa24f35e1b516d23) Generated GUIDs only implemented for interfaces!
 -> (artifact id: 'f0c50245600c90f81bd642b1cff643c4') in 0.005093 seconds
Number of updated asset objects reloaded before import = 0
Number of asset objects unloaded after import = 1
========================================================================
Received Import Request.
  Time since last request: 0.000017 seconds.
  path: Assets/polygonTrees/polygonTrees/models/modelsWithLods/rocks/redRockL/editableMaterial/redRockMaterial.mat
  artifactKey: Guid(e4ee752362cb3d8d0ac25e778d15eb1f) Importer(2089858483,0ecaa5967403d082aa24f35e1b516d23)
Start importing Assets/polygonTrees/polygonTrees/models/modelsWithLods/rocks/redRockL/editableMaterial/redRockMaterial.mat using Guid(e4ee752362cb3d8d0ac25e778d15eb1f) Importer(2089858483,0ecaa5967403d082aa24f35e1b516d23) Generated GUIDs only implemented for interfaces!
 -> (artifact id: '27c7acd32ef82426abbe1fec56295c93') in 0.008613 seconds
Number of updated asset objects reloaded before import = 0
Number of asset objects unloaded after import = 1
========================================================================
Received Import Request.
  Time since last request: 0.000019 seconds.
  path: Assets/polygonTrees/polygonTrees/models/modelsWithLods/shrub/littleLeavesShrubL/naturalMaterial/shrubMaterialN.mat
  artifactKey: Guid(8a076cc9eaf245ba58f82541573934de) Importer(2089858483,0ecaa5967403d082aa24f35e1b516d23)
Start importing Assets/polygonTrees/polygonTrees/models/modelsWithLods/shrub/littleLeavesShrubL/naturalMaterial/shrubMaterialN.mat using Guid(8a076cc9eaf245ba58f82541573934de) Importer(2089858483,0ecaa5967403d082aa24f35e1b516d23) Generated GUIDs only implemented for interfaces!
 -> (artifact id: '5cc7c76412b9141952baeeab3a12415a') in 0.004731 seconds
Number of updated asset objects reloaded before import = 0
Number of asset objects unloaded after import = 1
========================================================================
Received Import Request.
  Time since last request: 0.000017 seconds.
  path: Assets/polygonTrees/polygonTrees/models/modelsWithLods/grass/littleGrassL/editableMaterial/littleGrassMaterial.mat
  artifactKey: Guid(e2853c3077ec7610493e845361090bc7) Importer(2089858483,0ecaa5967403d082aa24f35e1b516d23)
Start importing Assets/polygonTrees/polygonTrees/models/modelsWithLods/grass/littleGrassL/editableMaterial/littleGrassMaterial.mat using Guid(e2853c3077ec7610493e845361090bc7) Importer(2089858483,0ecaa5967403d082aa24f35e1b516d23) Generated GUIDs only implemented for interfaces!
 -> (artifact id: 'ab3d613e12a1e82c803e3ed4b56b6ef7') in 0.007435 seconds
Number of updated asset objects reloaded before import = 0
Number of asset objects unloaded after import = 1
========================================================================
Received Import Request.
  Time since last request: 0.000019 seconds.
  path: Assets/polygonTrees/polygonTrees/models/modelsWithLods/rocks/rockL/editableMaterial/rockMaterial.mat
  artifactKey: Guid(becee20b7202ad31092291e9f86d6467) Importer(2089858483,0ecaa5967403d082aa24f35e1b516d23)
Start importing Assets/polygonTrees/polygonTrees/models/modelsWithLods/rocks/rockL/editableMaterial/rockMaterial.mat using Guid(becee20b7202ad31092291e9f86d6467) Importer(2089858483,0ecaa5967403d082aa24f35e1b516d23) Generated GUIDs only implemented for interfaces!
 -> (artifact id: '8fade611ee27616e6acb5e1591091ca2') in 0.007031 seconds
Number of updated asset objects reloaded before import = 0
Number of asset objects unloaded after import = 1
========================================================================
Received Import Request.
  Time since last request: 0.000016 seconds.
  path: Assets/polygonTrees/polygonTrees/models/modelsWithLods/shrub/littleLeavesShrubL/naturalMaterial/leavesMaterialN.mat
  artifactKey: Guid(5feca55090fcf23668cbaaa9effb7602) Importer(2089858483,0ecaa5967403d082aa24f35e1b516d23)
Start importing Assets/polygonTrees/polygonTrees/models/modelsWithLods/shrub/littleLeavesShrubL/naturalMaterial/leavesMaterialN.mat using Guid(5feca55090fcf23668cbaaa9effb7602) Importer(2089858483,0ecaa5967403d082aa24f35e1b516d23) Generated GUIDs only implemented for interfaces!
 -> (artifact id: 'f5229b4ebb46fb46e541d27f23da487f') in 0.005696 seconds
Number of updated asset objects reloaded before import = 0
Number of asset objects unloaded after import = 1
========================================================================
Received Import Request.
  Time since last request: 0.000016 seconds.
  path: Assets/polygonTrees/polygonTrees/models/trees/trees/purpleTree/editableMaterials/leavesMaterial.mat
  artifactKey: Guid(324b7782d067e21edbca6af4a0e0dec3) Importer(2089858483,0ecaa5967403d082aa24f35e1b516d23)
Start importing Assets/polygonTrees/polygonTrees/models/trees/trees/purpleTree/editableMaterials/leavesMaterial.mat using Guid(324b7782d067e21edbca6af4a0e0dec3) Importer(2089858483,0ecaa5967403d082aa24f35e1b516d23) Generated GUIDs only implemented for interfaces!
 -> (artifact id: 'd150a48cc6a027213a0404d1b097c925') in 0.005670 seconds
Number of updated asset objects reloaded before import = 0
Number of asset objects unloaded after import = 1
========================================================================
Received Import Request.
  Time since last request: 0.000017 seconds.
  path: Assets/polygonTrees/polygonTrees/models/modelsWithLods/shrub/shrubL/editableMaterial/shrubMaterial.mat
  artifactKey: Guid(c38d20f16b595f9039dfa7f65cb53878) Importer(2089858483,0ecaa5967403d082aa24f35e1b516d23)
Start importing Assets/polygonTrees/polygonTrees/models/modelsWithLods/shrub/shrubL/editableMaterial/shrubMaterial.mat using Guid(c38d20f16b595f9039dfa7f65cb53878) Importer(2089858483,0ecaa5967403d082aa24f35e1b516d23) Generated GUIDs only implemented for interfaces!
 -> (artifact id: '0fa0c98feaf8e3e0619986445e8c56ab') in 0.008361 seconds
Number of updated asset objects reloaded before import = 0
Number of asset objects unloaded after import = 1
========================================================================
Received Import Request.
  Time since last request: 0.000061 seconds.
  path: Assets/polygonTrees/polygonTrees/models/trees/deadTrees/dryTree/editableMaterial/treeMaterial.mat
  artifactKey: Guid(3b85fffb0d3a7c7ccac4930232997dd7) Importer(2089858483,0ecaa5967403d082aa24f35e1b516d23)
Start importing Assets/polygonTrees/polygonTrees/models/trees/deadTrees/dryTree/editableMaterial/treeMaterial.mat using Guid(3b85fffb0d3a7c7ccac4930232997dd7) Importer(2089858483,0ecaa5967403d082aa24f35e1b516d23) Generated GUIDs only implemented for interfaces!
 -> (artifact id: '9f48e5626c275b2c9840568c7b7b892a') in 0.005176 seconds
Number of updated asset objects reloaded before import = 0
Number of asset objects unloaded after import = 1
========================================================================
Received Import Request.
  Time since last request: 0.000019 seconds.
  path: Assets/polygonTrees/polygonTrees/models/modelsWithLods/grass/grassL/editableMaterial/grassMaterial.mat
  artifactKey: Guid(060b6f7c3ca0aa28f9a1589ba3616413) Importer(2089858483,0ecaa5967403d082aa24f35e1b516d23)
Start importing Assets/polygonTrees/polygonTrees/models/modelsWithLods/grass/grassL/editableMaterial/grassMaterial.mat using Guid(060b6f7c3ca0aa28f9a1589ba3616413) Importer(2089858483,0ecaa5967403d082aa24f35e1b516d23) Generated GUIDs only implemented for interfaces!
 -> (artifact id: '4eb0c3bf98bb0b95ba843b870e237782') in 0.005424 seconds
Number of updated asset objects reloaded before import = 0
Number of asset objects unloaded after import = 1
========================================================================
Received Import Request.
  Time since last request: 0.000022 seconds.
  path: Assets/polygonTrees/polygonTrees/models/modelsWithLods/trees/bigLeavesTreeL/editableMaterial/leavesMaterial.mat
  artifactKey: Guid(78f9e0ec6a9743a77bf450464d67635e) Importer(2089858483,0ecaa5967403d082aa24f35e1b516d23)
Start importing Assets/polygonTrees/polygonTrees/models/modelsWithLods/trees/bigLeavesTreeL/editableMaterial/leavesMaterial.mat using Guid(78f9e0ec6a9743a77bf450464d67635e) Importer(2089858483,0ecaa5967403d082aa24f35e1b516d23) Generated GUIDs only implemented for interfaces!
 -> (artifact id: '687fcb3242ca6b646fe03215a82b6db3') in 0.007092 seconds
Number of updated asset objects reloaded before import = 0
Number of asset objects unloaded after import = 1
========================================================================
Received Import Request.
  Time since last request: 0.000023 seconds.
  path: Assets/polygonTrees/polygonTrees/models/modelsWithLods/grass/grassL/naturalMaterial/grassMaterialN.mat
  artifactKey: Guid(a9b3aad4a6f7acd3e9c54898396bd989) Importer(2089858483,0ecaa5967403d082aa24f35e1b516d23)
Start importing Assets/polygonTrees/polygonTrees/models/modelsWithLods/grass/grassL/naturalMaterial/grassMaterialN.mat using Guid(a9b3aad4a6f7acd3e9c54898396bd989) Importer(2089858483,0ecaa5967403d082aa24f35e1b516d23) Generated GUIDs only implemented for interfaces!
 -> (artifact id: '2ca8c8b7fbacf9bd89ef18a076254c82') in 0.004739 seconds
Number of updated asset objects reloaded before import = 0
Number of asset objects unloaded after import = 1
========================================================================
Received Import Request.
  Time since last request: 0.000019 seconds.
  path: Assets/polygonTrees/polygonTrees/models/modelsWithLods/shrub/shrubL/editableMaterial/leavesMaterial.mat
  artifactKey: Guid(8de23cb77dd52ff8e845e33fa474a757) Importer(2089858483,0ecaa5967403d082aa24f35e1b516d23)
Start importing Assets/polygonTrees/polygonTrees/models/modelsWithLods/shrub/shrubL/editableMaterial/leavesMaterial.mat using Guid(8de23cb77dd52ff8e845e33fa474a757) Importer(2089858483,0ecaa5967403d082aa24f35e1b516d23) Generated GUIDs only implemented for interfaces!
 -> (artifact id: '930169cfbd8317dd0d20abbfb8218d3d') in 0.005765 seconds
Number of updated asset objects reloaded before import = 0
Number of asset objects unloaded after import = 1
========================================================================
Received Import Request.
  Time since last request: 0.000021 seconds.
  path: Assets/polygonTrees/polygonTrees/models/modelsWithLods/trees/simpleTreeL/naturalMaterial/treeMaterial.mat
  artifactKey: Guid(49db3077d77aa4fe6b4f1a881bb627ef) Importer(2089858483,0ecaa5967403d082aa24f35e1b516d23)
Start importing Assets/polygonTrees/polygonTrees/models/modelsWithLods/trees/simpleTreeL/naturalMaterial/treeMaterial.mat using Guid(49db3077d77aa4fe6b4f1a881bb627ef) Importer(2089858483,0ecaa5967403d082aa24f35e1b516d23) Generated GUIDs only implemented for interfaces!
 -> (artifact id: '22c4bb185a8825b7cd4225a33497a31c') in 0.007828 seconds
Number of updated asset objects reloaded before import = 0
Number of asset objects unloaded after import = 1
========================================================================
Received Import Request.
  Time since last request: 0.000023 seconds.
  path: Assets/polygonTrees/polygonTrees/models/trees/deadTrees/dryBigLeavesTree/editableMAterial/TreeMaterial.mat
  artifactKey: Guid(700550ff96aeb4b95b27ff24e7a9e5a6) Importer(2089858483,0ecaa5967403d082aa24f35e1b516d23)
Start importing Assets/polygonTrees/polygonTrees/models/trees/deadTrees/dryBigLeavesTree/editableMAterial/TreeMaterial.mat using Guid(700550ff96aeb4b95b27ff24e7a9e5a6) Importer(2089858483,0ecaa5967403d082aa24f35e1b516d23) Generated GUIDs only implemented for interfaces!
 -> (artifact id: '8737330f71ae6d14a20be73fa4b08dab') in 0.005622 seconds
Number of updated asset objects reloaded before import = 0
Number of asset objects unloaded after import = 1
========================================================================
Received Import Request.
  Time since last request: 0.000020 seconds.
  path: Assets/polygonTrees/polygonTrees/models/modelsWithLods/dryBranches/deadTreeL/editableMaterial/naturalMaterial/deadTreeMaterialN.mat
  artifactKey: Guid(beb7520bf12f38ef4be887484ce7977a) Importer(2089858483,0ecaa5967403d082aa24f35e1b516d23)
Start importing Assets/polygonTrees/polygonTrees/models/modelsWithLods/dryBranches/deadTreeL/editableMaterial/naturalMaterial/deadTreeMaterialN.mat using Guid(beb7520bf12f38ef4be887484ce7977a) Importer(2089858483,0ecaa5967403d082aa24f35e1b516d23) Generated GUIDs only implemented for interfaces!
 -> (artifact id: '182f7f7c3cb76f8807e105cd69f3f058') in 0.006207 seconds
Number of updated asset objects reloaded before import = 0
Number of asset objects unloaded after import = 1
========================================================================
Received Import Request.
  Time since last request: 0.000021 seconds.
  path: Assets/polygonTrees/polygonTrees/models/modelsWithLods/dryTree/dryPurpleTreeL/naturalMaterial/TreeMaterialN.mat
  artifactKey: Guid(db3955146b41883be840d3a96cfbb47c) Importer(2089858483,0ecaa5967403d082aa24f35e1b516d23)
Start importing Assets/polygonTrees/polygonTrees/models/modelsWithLods/dryTree/dryPurpleTreeL/naturalMaterial/TreeMaterialN.mat using Guid(db3955146b41883be840d3a96cfbb47c) Importer(2089858483,0ecaa5967403d082aa24f35e1b516d23) Generated GUIDs only implemented for interfaces!
 -> (artifact id: 'c1a7a1acae9cdc8d164d9ef8f8a80b9a') in 0.007012 seconds
Number of updated asset objects reloaded before import = 0
Number of asset objects unloaded after import = 1
========================================================================
Received Import Request.
  Time since last request: 0.000018 seconds.
  path: Assets/polygonTrees/polygonTrees/models/modelsWithLods/rocks/blackRockL/editableMaterial/blackRockMaterial.mat
  artifactKey: Guid(f20f9fd9f80fdec81a5dd7bc70b67146) Importer(2089858483,0ecaa5967403d082aa24f35e1b516d23)
Start importing Assets/polygonTrees/polygonTrees/models/modelsWithLods/rocks/blackRockL/editableMaterial/blackRockMaterial.mat using Guid(f20f9fd9f80fdec81a5dd7bc70b67146) Importer(2089858483,0ecaa5967403d082aa24f35e1b516d23) Generated GUIDs only implemented for interfaces!
 -> (artifact id: 'cf0b8de443eaa6f26ada51c202a4cd50') in 0.006723 seconds
Number of updated asset objects reloaded before import = 0
Number of asset objects unloaded after import = 1
========================================================================
Received Import Request.
  Time since last request: 0.000019 seconds.
  path: Assets/polygonTrees/polygonTrees/models/modelsWithLods/dryTree/drySimpleTreeL/editableMaterial/treeMaterial.mat
  artifactKey: Guid(d7f160853f6a6179d9efb73bfd500f86) Importer(2089858483,0ecaa5967403d082aa24f35e1b516d23)
Start importing Assets/polygonTrees/polygonTrees/models/modelsWithLods/dryTree/drySimpleTreeL/editableMaterial/treeMaterial.mat using Guid(d7f160853f6a6179d9efb73bfd500f86) Importer(2089858483,0ecaa5967403d082aa24f35e1b516d23) Generated GUIDs only implemented for interfaces!
 -> (artifact id: '3aefbdd2f579ffe6d3a696c88f28d4c3') in 0.007595 seconds
Number of updated asset objects reloaded before import = 0
Number of asset objects unloaded after import = 1
========================================================================
Received Import Request.
  Time since last request: 0.000025 seconds.
  path: Assets/polygonTrees/polygonTrees/models/dryBranch/deadTree/editableMaterial/deadTreeMaterial.mat
  artifactKey: Guid(268afda95a022f91789dfead2db8f75a) Importer(2089858483,0ecaa5967403d082aa24f35e1b516d23)
Start importing Assets/polygonTrees/polygonTrees/models/dryBranch/deadTree/editableMaterial/deadTreeMaterial.mat using Guid(268afda95a022f91789dfead2db8f75a) Importer(2089858483,0ecaa5967403d082aa24f35e1b516d23) Generated GUIDs only implemented for interfaces!
 -> (artifact id: 'd028f2e63cd376b49a92fccc394fbed7') in 0.009619 seconds
Number of updated asset objects reloaded before import = 0
Number of asset objects unloaded after import = 1
========================================================================
Received Import Request.
  Time since last request: 0.000029 seconds.
  path: Assets/GrassFlowers/Textures/GrassFlowers/grassFlower04.tga
  artifactKey: Guid(5c744e80ad52c884c9ac4c9139b3aaae) Importer(2089858483,0ecaa5967403d082aa24f35e1b516d23)
Start importing Assets/GrassFlowers/Textures/GrassFlowers/grassFlower04.tga using Guid(5c744e80ad52c884c9ac4c9139b3aaae) Importer(2089858483,0ecaa5967403d082aa24f35e1b516d23) Generated GUIDs only implemented for interfaces!
 -> (artifact id: '7a4975d9508436ce0de1dbda0cec86a5') in 0.024809 seconds
Number of updated asset objects reloaded before import = 0
Number of asset objects unloaded after import = 1
========================================================================
Received Import Request.
  Time since last request: 0.000041 seconds.
  path: Assets/Flat Textures Pack/Materials/Summer_Flowers.mat
  artifactKey: Guid(82b3a75aca7ed6f4abe443d8019d9ddb) Importer(2089858483,0ecaa5967403d082aa24f35e1b516d23)
Start importing Assets/Flat Textures Pack/Materials/Summer_Flowers.mat using Guid(82b3a75aca7ed6f4abe443d8019d9ddb) Importer(2089858483,0ecaa5967403d082aa24f35e1b516d23) Generated GUIDs only implemented for interfaces!
 -> (artifact id: '45fa395631e90abb0f3e3e6ffb55f63b') in 0.010675 seconds
Number of updated asset objects reloaded before import = 0
Number of asset objects unloaded after import = 2
========================================================================
Received Import Request.
  Time since last request: 0.000020 seconds.
  path: Assets/Flat Textures Pack/Materials/Winter_Cracked_Ice_C.mat
  artifactKey: Guid(78377f0d38e131048b6ba2db0b0d5690) Importer(2089858483,0ecaa5967403d082aa24f35e1b516d23)
Start importing Assets/Flat Textures Pack/Materials/Winter_Cracked_Ice_C.mat using Guid(78377f0d38e131048b6ba2db0b0d5690) Importer(2089858483,0ecaa5967403d082aa24f35e1b516d23) Generated GUIDs only implemented for interfaces!
 -> (artifact id: '18ab0bca7b5a3513076051d6eeb551ef') in 0.007967 seconds
Number of updated asset objects reloaded before import = 0
Number of asset objects unloaded after import = 2
========================================================================
Received Import Request.
  Time since last request: 0.000020 seconds.
  path: Assets/Flat Textures Pack/Textures/Summer_Mud_B.png
  artifactKey: Guid(12cde8a4716b7ba4198829c1cede3e17) Importer(2089858483,0ecaa5967403d082aa24f35e1b516d23)
Start importing Assets/Flat Textures Pack/Textures/Summer_Mud_B.png using Guid(12cde8a4716b7ba4198829c1cede3e17) Importer(2089858483,0ecaa5967403d082aa24f35e1b516d23) Generated GUIDs only implemented for interfaces!
 -> (artifact id: '039f71997d04fd1040ef542370039e06') in 0.024419 seconds
Number of updated asset objects reloaded before import = 0
Number of asset objects unloaded after import = 1
========================================================================
Received Import Request.
  Time since last request: 0.000104 seconds.
  path: Assets/GrassFlowers/Demo/DemoGrassFlowersSettings.lighting
  artifactKey: Guid(84d7ece89ff088c489d7b96e4d28ce9b) Importer(2089858483,0ecaa5967403d082aa24f35e1b516d23)
Start importing Assets/GrassFlowers/Demo/DemoGrassFlowersSettings.lighting using Guid(84d7ece89ff088c489d7b96e4d28ce9b) Importer(2089858483,0ecaa5967403d082aa24f35e1b516d23) LightingSettings: switching bake backend from 1 to 0.
Generated GUIDs only implemented for interfaces!
 -> (artifact id: '7e9c6fa23338b270ae8bca482e116dc6') in 0.025823 seconds
Number of updated asset objects reloaded before import = 0
Number of asset objects unloaded after import = 1
========================================================================
Received Import Request.
  Time since last request: 0.000023 seconds.
  path: Assets/GrassFlowers/Textures/Ground/Grass01_BigUV.png
  artifactKey: Guid(38bb15d6b378aff46b461e248592d1da) Importer(2089858483,0ecaa5967403d082aa24f35e1b516d23)
Start importing Assets/GrassFlowers/Textures/Ground/Grass01_BigUV.png using Guid(38bb15d6b378aff46b461e248592d1da) Importer(2089858483,0ecaa5967403d082aa24f35e1b516d23) Generated GUIDs only implemented for interfaces!
 -> (artifact id: 'e4c3b6e4982ecba5723c07d5744c26b7') in 0.031133 seconds
Number of updated asset objects reloaded before import = 0
Number of asset objects unloaded after import = 1
========================================================================
Received Import Request.
  Time since last request: 0.000053 seconds.
  path: Assets/polygonTrees/polygonTrees/prefabs/prefabLODs/shurbs/littleLeavesShrubL.prefab
  artifactKey: Guid(359c5b4e5f8a1acb4be4cc8af53ab365) Importer(2089858483,0ecaa5967403d082aa24f35e1b516d23)
Start importing Assets/polygonTrees/polygonTrees/prefabs/prefabLODs/shurbs/littleLeavesShrubL.prefab using Guid(359c5b4e5f8a1acb4be4cc8af53ab365) Importer(2089858483,0ecaa5967403d082aa24f35e1b516d23) Generated GUIDs only implemented for interfaces!
 -> (artifact id: '3f593e5deac4cd7db6fd587148de08ae') in 0.014341 seconds
Number of updated asset objects reloaded before import = 0
Number of asset objects unloaded after import = 37
Editor requested this worker to shutdown with reason: Scaling down because of idle timeout
TcpMessagingSession - receive error: operation aborted. errorcode: 995, details: La operacin de E/S se anul por una salida de subproceso o por una solicitud de aplicacin.
AssetImportWorker is now disconnected from the server
Process exiting
Exiting without the bug reporter. Application will terminate with return code 0