Using pre-set license
Built from '2022.3/staging' branch; Version is '2022.3.13f1 (5f90a5ebde0f) revision 6262949'; Using compiler version '192829333'; Build Type 'Release'
OS: 'Windows 11  (10.0.22621) 64bit Professional' Language: 'es' Physical Memory: 16225 MB
BatchMode: 1, IsHumanControllingUs: 0, StartBugReporterOnCrash: 0, Is64bit: 1, IsPro: 1

COMMAND LINE ARGUMENTS:
D:\Program Files\2022.3.13f1\Editor\Unity.exe
-adb2
-batchMode
-noUpm
-name
AssetImportWorker2
-projectPath
D:/Users/niptim/Documents/Unity_projects/EjerciciosMotores
-logFile
Logs/AssetImportWorker2.log
-srvPort
49219
Successfully changed project path to: D:/Users/niptim/Documents/Unity_projects/EjerciciosMotores
D:/Users/niptim/Documents/Unity_projects/EjerciciosMotores
[UnityMemory] Configuration Parameters - Can be set up in boot.config
    "memorysetup-bucket-allocator-granularity=16"
    "memorysetup-bucket-allocator-bucket-count=8"
    "memorysetup-bucket-allocator-block-size=33554432"
    "memorysetup-bucket-allocator-block-count=8"
    "memorysetup-main-allocator-block-size=16777216"
    "memorysetup-thread-allocator-block-size=16777216"
    "memorysetup-gfx-main-allocator-block-size=16777216"
    "memorysetup-gfx-thread-allocator-block-size=16777216"
    "memorysetup-cache-allocator-block-size=4194304"
    "memorysetup-typetree-allocator-block-size=2097152"
    "memorysetup-profiler-bucket-allocator-granularity=16"
    "memorysetup-profiler-bucket-allocator-bucket-count=8"
    "memorysetup-profiler-bucket-allocator-block-size=33554432"
    "memorysetup-profiler-bucket-allocator-block-count=8"
    "memorysetup-profiler-allocator-block-size=16777216"
    "memorysetup-profiler-editor-allocator-block-size=1048576"
    "memorysetup-temp-allocator-size-main=16777216"
    "memorysetup-job-temp-allocator-block-size=2097152"
    "memorysetup-job-temp-allocator-block-size-background=1048576"
    "memorysetup-job-temp-allocator-reduction-small-platforms=262144"
    "memorysetup-allocator-temp-initial-block-size-main=262144"
    "memorysetup-allocator-temp-initial-block-size-worker=262144"
    "memorysetup-temp-allocator-size-background-worker=32768"
    "memorysetup-temp-allocator-size-job-worker=262144"
    "memorysetup-temp-allocator-size-preload-manager=33554432"
    "memorysetup-temp-allocator-size-nav-mesh-worker=65536"
    "memorysetup-temp-allocator-size-audio-worker=65536"
    "memorysetup-temp-allocator-size-cloud-worker=32768"
    "memorysetup-temp-allocator-size-gi-baking-worker=262144"
    "memorysetup-temp-allocator-size-gfx=262144"
Player connection [5564] Host "[IP] 192.168.1.133 [Port] 0 [Flags] 2 [Guid] 1891676473 [EditorId] 1891676473 [Version] 1048832 [Id] WindowsEditor(7,niptimcorp) [Debug] 1 [PackageName] WindowsEditor [ProjectName] Editor" joined multi-casting on [225.0.0.222:54997]...

Player connection [5564] Host "[IP] 192.168.1.133 [Port] 0 [Flags] 2 [Guid] 1891676473 [EditorId] 1891676473 [Version] 1048832 [Id] WindowsEditor(7,niptimcorp) [Debug] 1 [PackageName] WindowsEditor [ProjectName] Editor" joined alternative multi-casting on [225.0.0.222:34997]...

[Physics::Module] Initialized MultithreadedJobDispatcher with 11 workers.
Refreshing native plugins compatible for Editor in 9.81 ms, found 3 plugins.
Preloading 0 native plugins for Editor in 0.00 ms.
Initialize engine version: 2022.3.13f1 (5f90a5ebde0f)
[Subsystems] Discovering subsystems at path D:/Program Files/2022.3.13f1/Editor/Data/Resources/UnitySubsystems
[Subsystems] Discovering subsystems at path D:/Users/niptim/Documents/Unity_projects/EjerciciosMotores/Assets
GfxDevice: creating device client; threaded=0; jobified=0
Direct3D:
    Version:  Direct3D 11.0 [level 11.1]
    Renderer: NVIDIA GeForce RTX 2060 (ID=0x1f15)
    Vendor:   NVIDIA
    VRAM:     5969 MB
    Driver:   31.0.15.4617
Initialize mono
Mono path[0] = 'D:/Program Files/2022.3.13f1/Editor/Data/Managed'
Mono path[1] = 'D:/Program Files/2022.3.13f1/Editor/Data/MonoBleedingEdge/lib/mono/unityjit-win32'
Mono config path = 'D:/Program Files/2022.3.13f1/Editor/Data/MonoBleedingEdge/etc'
Using monoOptions --debugger-agent=transport=dt_socket,embedding=1,server=y,suspend=n,address=127.0.0.1:56844
Begin MonoManager ReloadAssembly
Registering precompiled unity dll's ...
Register platform support module: D:/Program Files/2022.3.13f1/Editor/Data/PlaybackEngines/WindowsStandaloneSupport/UnityEditor.WindowsStandalone.Extensions.dll
Registered in 0.005104 seconds.
- Loaded All Assemblies, in  0.521 seconds
Native extension for WindowsStandalone target not found
Mono: successfully reloaded assembly
- Finished resetting the current domain, in  0.353 seconds
Domain Reload Profiling: 873ms
	BeginReloadAssembly (162ms)
		ExecutionOrderSort (0ms)
		DisableScriptedObjects (0ms)
		BackupInstance (0ms)
		ReleaseScriptingObjects (0ms)
		CreateAndSetChildDomain (1ms)
	RebuildCommonClasses (51ms)
	RebuildNativeTypeToScriptingClass (22ms)
	initialDomainReloadingComplete (78ms)
	LoadAllAssembliesAndSetupDomain (207ms)
		LoadAssemblies (161ms)
		RebuildTransferFunctionScriptingTraits (0ms)
		AnalyzeDomain (205ms)
			TypeCache.Refresh (203ms)
				TypeCache.ScanAssembly (184ms)
			ScanForSourceGeneratedMonoScriptInfo (0ms)
			ResolveRequiredComponents (1ms)
	FinalizeReload (353ms)
		ReleaseScriptCaches (0ms)
		RebuildScriptCaches (0ms)
		SetupLoadedEditorAssemblies (271ms)
			LogAssemblyErrors (0ms)
			InitializePlatformSupportModulesInManaged (11ms)
			SetLoadedEditorAssemblies (9ms)
			RefreshPlugins (0ms)
			BeforeProcessingInitializeOnLoad (3ms)
			ProcessInitializeOnLoadAttributes (182ms)
			ProcessInitializeOnLoadMethodAttributes (66ms)
			AfterProcessingInitializeOnLoad (0ms)
			EditorAssembliesLoaded (0ms)
		ExecutionOrderSort2 (0ms)
		AwakeInstancesAfterBackupRestoration (0ms)
========================================================================
Worker process is ready to serve import requests
Begin MonoManager ReloadAssembly
- Loaded All Assemblies, in  0.950 seconds
Refreshing native plugins compatible for Editor in 4.13 ms, found 3 plugins.
Native extension for WindowsStandalone target not found
Package Manager log level set to [2]
[Package Manager] Server::EnsureServerProcessIsRunning -- launch failed, reason: Unity was launched with the -noUpm command-line argument
[Package Manager] UpmClient::Send -- Unable to send message (not connected to UPM process).
[Package Manager] Cannot connect to Unity Package Manager local server
Mono: successfully reloaded assembly
- Finished resetting the current domain, in  1.133 seconds
Domain Reload Profiling: 2083ms
	BeginReloadAssembly (254ms)
		ExecutionOrderSort (0ms)
		DisableScriptedObjects (9ms)
		BackupInstance (0ms)
		ReleaseScriptingObjects (0ms)
		CreateAndSetChildDomain (32ms)
	RebuildCommonClasses (58ms)
	RebuildNativeTypeToScriptingClass (19ms)
	initialDomainReloadingComplete (54ms)
	LoadAllAssembliesAndSetupDomain (564ms)
		LoadAssemblies (416ms)
		RebuildTransferFunctionScriptingTraits (0ms)
		AnalyzeDomain (303ms)
			TypeCache.Refresh (274ms)
				TypeCache.ScanAssembly (253ms)
			ScanForSourceGeneratedMonoScriptInfo (20ms)
			ResolveRequiredComponents (6ms)
	FinalizeReload (1134ms)
		ReleaseScriptCaches (0ms)
		RebuildScriptCaches (0ms)
		SetupLoadedEditorAssemblies (887ms)
			LogAssemblyErrors (0ms)
			InitializePlatformSupportModulesInManaged (8ms)
			SetLoadedEditorAssemblies (7ms)
			RefreshPlugins (0ms)
			BeforeProcessingInitializeOnLoad (82ms)
			ProcessInitializeOnLoadAttributes (755ms)
			ProcessInitializeOnLoadMethodAttributes (32ms)
			AfterProcessingInitializeOnLoad (3ms)
			EditorAssembliesLoaded (0ms)
		ExecutionOrderSort2 (0ms)
		AwakeInstancesAfterBackupRestoration (16ms)
Launched and connected shader compiler UnityShaderCompiler.exe after 0.09 seconds
Refreshing native plugins compatible for Editor in 4.32 ms, found 3 plugins.
Preloading 0 native plugins for Editor in 0.00 ms.
Unloading 3082 Unused Serialized files (Serialized files now loaded: 0)
Unloading 32 unused Assets / (57.0 KB). Loaded Objects now: 3567.
Memory consumption went from 132.8 MB to 132.7 MB.
Total: 10.985200 ms (FindLiveObjects: 0.468800 ms CreateObjectMapping: 0.455800 ms MarkObjects: 9.928600 ms  DeleteObjects: 0.130000 ms)

AssetImportParameters requested are different than current active one (requested -> active):
  custom:container-demuxer-ogg: 62fdf1f143b41e24485cea50d1cbac27 -> 
  custom:video-codec-MediaFoundation-h265: 746d11721c4dcdbdad8f713fa42b33f4 -> 
  custom:video-decoder-ogg-theora: a1e56fd34408186e4bbccfd4996cb3dc -> 
  custom:framework-win-MediaFoundation: 216162199b28c13a410421893ffa2e32 -> 
  custom:CustomObjectIndexerAttribute: 756ad292c208cfabdd7b50bc23989ffe -> 
  custom:container-demuxer-webm: 4f35f7cbe854078d1ac9338744f61a02 -> 
  custom:container-muxer-webm: aa71ff27fc2769a1b78a27578f13a17b -> 
  custom:video-decoder-webm-vp8: 9c59270c3fd7afecdb556c50c9e8de78 -> 
  custom:SearchIndexIgnoredProperties: e643bd26f0fe6173181afceb89e7c659 -> 
  custom:AudioImporter_EditorPlatform: d09bf68614088b80899f8185d706f6e7 -> 
  custom:video-encoder-webm-vp8: eb34c28f22e8b96e1ab97ce403110664 -> 
  custom:audio-decoder-ogg-vorbis: bf7c407c2cedff20999df2af8eb42d56 -> 
  custom:audio-encoder-webm-vorbis: bf7c407c2cedff20999df2af8eb42d56 -> 
========================================================================
Received Import Request.
  Time since last request: 44428.233091 seconds.
  path: Assets/Flat Textures Pack/Materials/Desert_CracedMud.mat
  artifactKey: Guid(9c499f1f265a28748a3f4ccecb05c8c8) Importer(2089858483,0ecaa5967403d082aa24f35e1b516d23)
Start importing Assets/Flat Textures Pack/Materials/Desert_CracedMud.mat using Guid(9c499f1f265a28748a3f4ccecb05c8c8) Importer(2089858483,0ecaa5967403d082aa24f35e1b516d23) Generated GUIDs only implemented for interfaces!
 -> (artifact id: '48e6a469600693c0184fb7dc53369d4f') in 0.185141 seconds
Number of updated asset objects reloaded before import = 0
Number of asset objects unloaded after import = 2
========================================================================
Received Import Request.
  Time since last request: 0.000032 seconds.
  path: Assets/Flat Textures Pack/Materials/Winter_ChunkyIce.mat
  artifactKey: Guid(5f0995ce430fd1745a585b6cfe9c2ca9) Importer(2089858483,0ecaa5967403d082aa24f35e1b516d23)
Start importing Assets/Flat Textures Pack/Materials/Winter_ChunkyIce.mat using Guid(5f0995ce430fd1745a585b6cfe9c2ca9) Importer(2089858483,0ecaa5967403d082aa24f35e1b516d23) Generated GUIDs only implemented for interfaces!
 -> (artifact id: '050c37f24d07b4ff7fa6fe2e25336e05') in 0.014731 seconds
Number of updated asset objects reloaded before import = 0
Number of asset objects unloaded after import = 2
========================================================================
Received Import Request.
  Time since last request: 0.000018 seconds.
  path: Assets/Flat Textures Pack/Textures/Cave_Magma_B.png
  artifactKey: Guid(f3f73fae8b0080b4b8c78a03d205b2e2) Importer(2089858483,0ecaa5967403d082aa24f35e1b516d23)
Start importing Assets/Flat Textures Pack/Textures/Cave_Magma_B.png using Guid(f3f73fae8b0080b4b8c78a03d205b2e2) Importer(2089858483,0ecaa5967403d082aa24f35e1b516d23) Generated GUIDs only implemented for interfaces!
 -> (artifact id: '5d7c8ebb4eac50c07a3079e41d98518f') in 0.068993 seconds
Number of updated asset objects reloaded before import = 0
Number of asset objects unloaded after import = 1
========================================================================
Received Import Request.
  Time since last request: 0.000100 seconds.
  path: Assets/Flat Textures Pack/Textures/Desert_CracedMud.png
  artifactKey: Guid(b88cf445d47d9e541b35828d81ffce51) Importer(2089858483,0ecaa5967403d082aa24f35e1b516d23)
Start importing Assets/Flat Textures Pack/Textures/Desert_CracedMud.png using Guid(b88cf445d47d9e541b35828d81ffce51) Importer(2089858483,0ecaa5967403d082aa24f35e1b516d23) Generated GUIDs only implemented for interfaces!
 -> (artifact id: '244990a2fc3304ec3b4b7af2d6ef9051') in 0.020707 seconds
Number of updated asset objects reloaded before import = 0
Number of asset objects unloaded after import = 1
========================================================================
Received Import Request.
  Time since last request: 0.000056 seconds.
  path: Assets/Flat Textures Pack/Textures/Summer_Mud_A.png
  artifactKey: Guid(ccbae51c789c51e4682f749aa91ce1ab) Importer(2089858483,0ecaa5967403d082aa24f35e1b516d23)
Start importing Assets/Flat Textures Pack/Textures/Summer_Mud_A.png using Guid(ccbae51c789c51e4682f749aa91ce1ab) Importer(2089858483,0ecaa5967403d082aa24f35e1b516d23) Generated GUIDs only implemented for interfaces!
 -> (artifact id: 'dd553e979169ac685ca09c5e93c4e4a5') in 0.019981 seconds
Number of updated asset objects reloaded before import = 0
Number of asset objects unloaded after import = 1
========================================================================
Received Import Request.
  Time since last request: 0.000023 seconds.
  path: Assets/Flat Textures Pack/NewLayer.terrainlayer
  artifactKey: Guid(3cd80c15d419f684cacb1dbe113e72c9) Importer(2089858483,0ecaa5967403d082aa24f35e1b516d23)
Start importing Assets/Flat Textures Pack/NewLayer.terrainlayer using Guid(3cd80c15d419f684cacb1dbe113e72c9) Importer(2089858483,0ecaa5967403d082aa24f35e1b516d23) Generated GUIDs only implemented for interfaces!
 -> (artifact id: 'a390fd0309dbb766a033172aef8e6e99') in 0.014082 seconds
Number of updated asset objects reloaded before import = 0
Number of asset objects unloaded after import = 3
========================================================================
Received Import Request.
  Time since last request: 0.000019 seconds.
  path: Assets/Flat Textures Pack/Textures/NewLayer.terrainlayer
  artifactKey: Guid(3261c6adbbb732049b33282adfbb90a5) Importer(2089858483,0ecaa5967403d082aa24f35e1b516d23)
Start importing Assets/Flat Textures Pack/Textures/NewLayer.terrainlayer using Guid(3261c6adbbb732049b33282adfbb90a5) Importer(2089858483,0ecaa5967403d082aa24f35e1b516d23) Generated GUIDs only implemented for interfaces!
 -> (artifact id: '5c12a5b174164422903adb7259e3a783') in 0.011828 seconds
Number of updated asset objects reloaded before import = 0
Number of asset objects unloaded after import = 3
========================================================================
Received Import Request.
  Time since last request: 0.000021 seconds.
  path: Assets/Flat Textures Pack/Textures/Desert_Bushes.png
  artifactKey: Guid(374f043a3f99333449e20804007556c2) Importer(2089858483,0ecaa5967403d082aa24f35e1b516d23)
Start importing Assets/Flat Textures Pack/Textures/Desert_Bushes.png using Guid(374f043a3f99333449e20804007556c2) Importer(2089858483,0ecaa5967403d082aa24f35e1b516d23) Generated GUIDs only implemented for interfaces!
 -> (artifact id: 'b1768cb896dfce6c2834d792f77bbafc') in 0.023521 seconds
Number of updated asset objects reloaded before import = 0
Number of asset objects unloaded after import = 1
========================================================================
Received Import Request.
  Time since last request: 0.000021 seconds.
  path: Assets/Flat Textures Pack/Materials/NewLayer.terrainlayer
  artifactKey: Guid(489b68c7e12343d44b80a37ec6ad3bf8) Importer(2089858483,0ecaa5967403d082aa24f35e1b516d23)
Start importing Assets/Flat Textures Pack/Materials/NewLayer.terrainlayer using Guid(489b68c7e12343d44b80a37ec6ad3bf8) Importer(2089858483,0ecaa5967403d082aa24f35e1b516d23) Generated GUIDs only implemented for interfaces!
 -> (artifact id: 'f19c408cedd1ff8f4559715191e47182') in 0.011274 seconds
Number of updated asset objects reloaded before import = 0
Number of asset objects unloaded after import = 3
========================================================================
Received Import Request.
  Time since last request: 0.000019 seconds.
  path: Assets/Flat Textures Pack/Materials/Winter_Wall.mat
  artifactKey: Guid(225f4cc257a1e38498996437dc0c3f50) Importer(2089858483,0ecaa5967403d082aa24f35e1b516d23)
Start importing Assets/Flat Textures Pack/Materials/Winter_Wall.mat using Guid(225f4cc257a1e38498996437dc0c3f50) Importer(2089858483,0ecaa5967403d082aa24f35e1b516d23) Generated GUIDs only implemented for interfaces!
 -> (artifact id: '8f73bb88d3aa911f36fa7933945f51ba') in 0.008783 seconds
Number of updated asset objects reloaded before import = 0
Number of asset objects unloaded after import = 2
========================================================================
Received Import Request.
  Time since last request: 0.000018 seconds.
  path: Assets/Flat Textures Pack/Materials/WInter_Snow_Rocks.mat
  artifactKey: Guid(a080f7b6b977d1d478336b9f12f52fdd) Importer(2089858483,0ecaa5967403d082aa24f35e1b516d23)
Start importing Assets/Flat Textures Pack/Materials/WInter_Snow_Rocks.mat using Guid(a080f7b6b977d1d478336b9f12f52fdd) Importer(2089858483,0ecaa5967403d082aa24f35e1b516d23) Generated GUIDs only implemented for interfaces!
 -> (artifact id: '36fe20c686dc1ad4ed23e738ab689e6e') in 0.006712 seconds
Number of updated asset objects reloaded before import = 0
Number of asset objects unloaded after import = 2
========================================================================
Received Import Request.
  Time since last request: 0.000019 seconds.
  path: Assets/Flat Textures Pack/Materials/Summer_Rocks.mat
  artifactKey: Guid(b448f0b66ddeb424097cf4c3aede85fd) Importer(2089858483,0ecaa5967403d082aa24f35e1b516d23)
Start importing Assets/Flat Textures Pack/Materials/Summer_Rocks.mat using Guid(b448f0b66ddeb424097cf4c3aede85fd) Importer(2089858483,0ecaa5967403d082aa24f35e1b516d23) Generated GUIDs only implemented for interfaces!
 -> (artifact id: '285e86cb5dd0150e7f6c464ae6bd0a92') in 0.008677 seconds
Number of updated asset objects reloaded before import = 0
Number of asset objects unloaded after import = 2
========================================================================
Received Import Request.
  Time since last request: 0.000022 seconds.
  path: Assets/GrassFlowers/Post-Processing For GrassFlowers.asset
  artifactKey: Guid(150fbd13cfcddb34ebc82b228a769165) Importer(2089858483,0ecaa5967403d082aa24f35e1b516d23)
Start importing Assets/GrassFlowers/Post-Processing For GrassFlowers.asset using Guid(150fbd13cfcddb34ebc82b228a769165) Importer(2089858483,0ecaa5967403d082aa24f35e1b516d23) Generated GUIDs only implemented for interfaces!
 -> (artifact id: '6206a3d14958abd17bae77d8296f5fe6') in 0.004010 seconds
Number of updated asset objects reloaded before import = 0
Number of asset objects unloaded after import = 1
========================================================================
Received Import Request.
  Time since last request: 0.000026 seconds.
  path: Assets/Flat Textures Pack/Materials/Water_A.mat
  artifactKey: Guid(09b830498de6c894ead635fafa7d6b81) Importer(2089858483,0ecaa5967403d082aa24f35e1b516d23)
Start importing Assets/Flat Textures Pack/Materials/Water_A.mat using Guid(09b830498de6c894ead635fafa7d6b81) Importer(2089858483,0ecaa5967403d082aa24f35e1b516d23) Generated GUIDs only implemented for interfaces!
 -> (artifact id: '57647ff6639a8af60fd0673102f83444') in 0.008277 seconds
Number of updated asset objects reloaded before import = 0
Number of asset objects unloaded after import = 2
========================================================================
Received Import Request.
  Time since last request: 0.000017 seconds.
  path: Assets/Flat Textures Pack/Materials/Summer_Dirt_A.mat
  artifactKey: Guid(865b305109e555749a4c8609b545998d) Importer(2089858483,0ecaa5967403d082aa24f35e1b516d23)
Start importing Assets/Flat Textures Pack/Materials/Summer_Dirt_A.mat using Guid(865b305109e555749a4c8609b545998d) Importer(2089858483,0ecaa5967403d082aa24f35e1b516d23) Generated GUIDs only implemented for interfaces!
 -> (artifact id: '38ab9fa8a5f4e160bf25b1c469516953') in 0.009149 seconds
Number of updated asset objects reloaded before import = 0
Number of asset objects unloaded after import = 2
========================================================================
Received Import Request.
  Time since last request: 0.000021 seconds.
  path: Assets/Flat Textures Pack/Textures/Cave_Magma.png
  artifactKey: Guid(d028d237290dff545b1ac2636948f0a0) Importer(2089858483,0ecaa5967403d082aa24f35e1b516d23)
Start importing Assets/Flat Textures Pack/Textures/Cave_Magma.png using Guid(d028d237290dff545b1ac2636948f0a0) Importer(2089858483,0ecaa5967403d082aa24f35e1b516d23) Generated GUIDs only implemented for interfaces!
 -> (artifact id: '5fa83c9f8689eb9e8b2f6d244718a96c') in 0.024247 seconds
Number of updated asset objects reloaded before import = 0
Number of asset objects unloaded after import = 1
========================================================================
Received Import Request.
  Time since last request: 0.000092 seconds.
  path: Assets/Flat Textures Pack/Materials/Desert_Bushes.mat
  artifactKey: Guid(a08dad81b78f42e489c9703efc2c1fb0) Importer(2089858483,0ecaa5967403d082aa24f35e1b516d23)
Start importing Assets/Flat Textures Pack/Materials/Desert_Bushes.mat using Guid(a08dad81b78f42e489c9703efc2c1fb0) Importer(2089858483,0ecaa5967403d082aa24f35e1b516d23) Generated GUIDs only implemented for interfaces!
 -> (artifact id: 'f0b3a413b2fd8c4b60ccff8360a86a6e') in 0.008684 seconds
Number of updated asset objects reloaded before import = 0
Number of asset objects unloaded after import = 2
========================================================================
Received Import Request.
  Time since last request: 0.000021 seconds.
  path: Assets/Flat Textures Pack/Textures/Summer_Roses.png
  artifactKey: Guid(330b1e96b6c1f3445ba9f4133e803a71) Importer(2089858483,0ecaa5967403d082aa24f35e1b516d23)
Start importing Assets/Flat Textures Pack/Textures/Summer_Roses.png using Guid(330b1e96b6c1f3445ba9f4133e803a71) Importer(2089858483,0ecaa5967403d082aa24f35e1b516d23) Generated GUIDs only implemented for interfaces!
 -> (artifact id: 'd274590a40e7abb4e8676ebd9ba3110e') in 0.022237 seconds
Number of updated asset objects reloaded before import = 0
Number of asset objects unloaded after import = 1
========================================================================
Received Import Request.
  Time since last request: 0.000021 seconds.
  path: Assets/Flat Textures Pack/Textures/Summer_Dirt_A.png
  artifactKey: Guid(14833b0b08b0a6945b0dd4f86360fe01) Importer(2089858483,0ecaa5967403d082aa24f35e1b516d23)
Start importing Assets/Flat Textures Pack/Textures/Summer_Dirt_A.png using Guid(14833b0b08b0a6945b0dd4f86360fe01) Importer(2089858483,0ecaa5967403d082aa24f35e1b516d23) Generated GUIDs only implemented for interfaces!
 -> (artifact id: '4eeefbcd011a88bed0b70791f16e2e7c') in 0.021179 seconds
Number of updated asset objects reloaded before import = 0
Number of asset objects unloaded after import = 1
========================================================================
Received Import Request.
  Time since last request: 0.000016 seconds.
  path: Assets/Flat Textures Pack/Materials/Cave_Magma.mat
  artifactKey: Guid(520938bf13624b04fb159c3db7351aca) Importer(2089858483,0ecaa5967403d082aa24f35e1b516d23)
Start importing Assets/Flat Textures Pack/Materials/Cave_Magma.mat using Guid(520938bf13624b04fb159c3db7351aca) Importer(2089858483,0ecaa5967403d082aa24f35e1b516d23) Generated GUIDs only implemented for interfaces!
 -> (artifact id: 'e5007d5b465e56ff06ec00875ad6d247') in 0.007072 seconds
Number of updated asset objects reloaded before import = 0
Number of asset objects unloaded after import = 2
========================================================================
Received Import Request.
  Time since last request: 0.000017 seconds.
  path: Assets/Flat Textures Pack/Materials/Cave_Crystal_A.mat
  artifactKey: Guid(fb8cc1d727af6e14ab2449668683f343) Importer(2089858483,0ecaa5967403d082aa24f35e1b516d23)
Start importing Assets/Flat Textures Pack/Materials/Cave_Crystal_A.mat using Guid(fb8cc1d727af6e14ab2449668683f343) Importer(2089858483,0ecaa5967403d082aa24f35e1b516d23) Generated GUIDs only implemented for interfaces!
 -> (artifact id: 'a871a4922eb7cca0cae3c8087f396b1a') in 0.006482 seconds
Number of updated asset objects reloaded before import = 0
Number of asset objects unloaded after import = 2
========================================================================
Received Import Request.
  Time since last request: 0.000020 seconds.
  path: Assets/Flat Textures Pack/Textures/Summer_CrackedRock.png
  artifactKey: Guid(29b952018edebb44ca66eeedaa2411c7) Importer(2089858483,0ecaa5967403d082aa24f35e1b516d23)
Start importing Assets/Flat Textures Pack/Textures/Summer_CrackedRock.png using Guid(29b952018edebb44ca66eeedaa2411c7) Importer(2089858483,0ecaa5967403d082aa24f35e1b516d23) Generated GUIDs only implemented for interfaces!
 -> (artifact id: 'ce04e8487709b424ceac8da6f8eac5c1') in 0.023361 seconds
Number of updated asset objects reloaded before import = 0
Number of asset objects unloaded after import = 1
========================================================================
Received Import Request.
  Time since last request: 0.000045 seconds.
  path: Assets/Flat Textures Pack/Materials/Winter_Flower.mat
  artifactKey: Guid(539f75970f8b10e43ace7f872679d0b2) Importer(2089858483,0ecaa5967403d082aa24f35e1b516d23)
Start importing Assets/Flat Textures Pack/Materials/Winter_Flower.mat using Guid(539f75970f8b10e43ace7f872679d0b2) Importer(2089858483,0ecaa5967403d082aa24f35e1b516d23) Generated GUIDs only implemented for interfaces!
 -> (artifact id: '32120158feefbc26780bc4f5d8838322') in 0.006849 seconds
Number of updated asset objects reloaded before import = 0
Number of asset objects unloaded after import = 2
========================================================================
Received Import Request.
  Time since last request: 0.000032 seconds.
  path: Assets/Flat Textures Pack/Textures/Summer_Grass_A.png
  artifactKey: Guid(182a5f5d56040f3489e143cb041f2f10) Importer(2089858483,0ecaa5967403d082aa24f35e1b516d23)
Start importing Assets/Flat Textures Pack/Textures/Summer_Grass_A.png using Guid(182a5f5d56040f3489e143cb041f2f10) Importer(2089858483,0ecaa5967403d082aa24f35e1b516d23) Generated GUIDs only implemented for interfaces!
 -> (artifact id: '4c7213ce67e40ff2abd81551f2d665dc') in 0.020768 seconds
Number of updated asset objects reloaded before import = 0
Number of asset objects unloaded after import = 1
========================================================================
Received Import Request.
  Time since last request: 0.000062 seconds.
  path: Assets/Flat Textures Pack/Textures/Winter_Roots.png
  artifactKey: Guid(ee21d21f61e8ae747979d6c7242ab8f9) Importer(2089858483,0ecaa5967403d082aa24f35e1b516d23)
Start importing Assets/Flat Textures Pack/Textures/Winter_Roots.png using Guid(ee21d21f61e8ae747979d6c7242ab8f9) Importer(2089858483,0ecaa5967403d082aa24f35e1b516d23) Generated GUIDs only implemented for interfaces!
 -> (artifact id: '52337defdbfcfa36d2a380ff07057f11') in 0.018640 seconds
Number of updated asset objects reloaded before import = 0
Number of asset objects unloaded after import = 1
========================================================================
Received Import Request.
  Time since last request: 0.000079 seconds.
  path: Assets/polygonTrees/polygonTrees/prefabs/prefabLODs/dryTree/dryBigLeavesTreeL.prefab
  artifactKey: Guid(4e1fc54419c5dd9bc9e8dc4e164101f3) Importer(2089858483,0ecaa5967403d082aa24f35e1b516d23)
Start importing Assets/polygonTrees/polygonTrees/prefabs/prefabLODs/dryTree/dryBigLeavesTreeL.prefab using Guid(4e1fc54419c5dd9bc9e8dc4e164101f3) Importer(2089858483,0ecaa5967403d082aa24f35e1b516d23) Generated GUIDs only implemented for interfaces!
 -> (artifact id: 'f0a444d889ba07089dfcd0324952e99b') in 0.022795 seconds
Number of updated asset objects reloaded before import = 0
Number of asset objects unloaded after import = 37
========================================================================
Received Import Request.
  Time since last request: 0.000024 seconds.
  path: Assets/GrassFlowers/Textures/GrassFlowers/grassFlower01.tga
  artifactKey: Guid(5733619f617fd954cac22d3d11fd1b93) Importer(2089858483,0ecaa5967403d082aa24f35e1b516d23)
Start importing Assets/GrassFlowers/Textures/GrassFlowers/grassFlower01.tga using Guid(5733619f617fd954cac22d3d11fd1b93) Importer(2089858483,0ecaa5967403d082aa24f35e1b516d23) Generated GUIDs only implemented for interfaces!
 -> (artifact id: '75ec46ece97812c614fec98f57078810') in 0.018793 seconds
Number of updated asset objects reloaded before import = 0
Number of asset objects unloaded after import = 1
========================================================================
Received Import Request.
  Time since last request: 0.000090 seconds.
  path: Assets/GrassFlowers/Textures/GrassFlowers/grass01.tga
  artifactKey: Guid(91a1945982e98be4d9fe3e3d12fdebd8) Importer(2089858483,0ecaa5967403d082aa24f35e1b516d23)
Start importing Assets/GrassFlowers/Textures/GrassFlowers/grass01.tga using Guid(91a1945982e98be4d9fe3e3d12fdebd8) Importer(2089858483,0ecaa5967403d082aa24f35e1b516d23) Generated GUIDs only implemented for interfaces!
 -> (artifact id: '1cb7912e53671dd2a37b0f9a47378f3a') in 0.025101 seconds
Number of updated asset objects reloaded before import = 0
Number of asset objects unloaded after import = 1
========================================================================
Received Import Request.
  Time since last request: 0.000073 seconds.
  path: Assets/polygonTrees/polygonTrees/models/rocks/blackRock/blackRock.fbx
  artifactKey: Guid(3409899a9e78caa6191f715ddafe62cd) Importer(2089858483,0ecaa5967403d082aa24f35e1b516d23)
Start importing Assets/polygonTrees/polygonTrees/models/rocks/blackRock/blackRock.fbx using Guid(3409899a9e78caa6191f715ddafe62cd) Importer(2089858483,0ecaa5967403d082aa24f35e1b516d23) Generated GUIDs only implemented for interfaces!
 -> (artifact id: '4a9f3340138ca3a00e9a10679bdafabf') in 0.054988 seconds
Number of updated asset objects reloaded before import = 0
Number of asset objects unloaded after import = 8
========================================================================
Received Import Request.
  Time since last request: 0.000018 seconds.
  path: Assets/GrassFlowers/Textures/GrassFlowers/grassFlower02.tga
  artifactKey: Guid(b0601839c4520064bb61d58d088810bc) Importer(2089858483,0ecaa5967403d082aa24f35e1b516d23)
Start importing Assets/GrassFlowers/Textures/GrassFlowers/grassFlower02.tga using Guid(b0601839c4520064bb61d58d088810bc) Importer(2089858483,0ecaa5967403d082aa24f35e1b516d23) Generated GUIDs only implemented for interfaces!
 -> (artifact id: '4cbff86ef3d17a5f3bafedb7446c1882') in 0.026883 seconds
Number of updated asset objects reloaded before import = 0
Number of asset objects unloaded after import = 1
========================================================================
Received Import Request.
  Time since last request: 0.000125 seconds.
  path: Assets/polygonTrees/polygonTrees/prefabs/shrubs/littleLeavesShrub Variant.prefab
  artifactKey: Guid(aad768f876a5d714abefd21f70785ee3) Importer(2089858483,0ecaa5967403d082aa24f35e1b516d23)
Start importing Assets/polygonTrees/polygonTrees/prefabs/shrubs/littleLeavesShrub Variant.prefab using Guid(aad768f876a5d714abefd21f70785ee3) Importer(2089858483,0ecaa5967403d082aa24f35e1b516d23) Generated GUIDs only implemented for interfaces!
 -> (artifact id: '0841de199930d9ead47ec7a68de5638d') in 0.013228 seconds
Number of updated asset objects reloaded before import = 0
Number of asset objects unloaded after import = 14
========================================================================
Received Import Request.
  Time since last request: 0.000018 seconds.
  path: Assets/polygonTrees/polygonTrees/prefabs/dryBranch/meshCollider/deadTree Variant.prefab
  artifactKey: Guid(586bc0f8d76741f5e919ca1370196e17) Importer(2089858483,0ecaa5967403d082aa24f35e1b516d23)
Start importing Assets/polygonTrees/polygonTrees/prefabs/dryBranch/meshCollider/deadTree Variant.prefab using Guid(586bc0f8d76741f5e919ca1370196e17) Importer(2089858483,0ecaa5967403d082aa24f35e1b516d23) Generated GUIDs only implemented for interfaces!
 -> (artifact id: '4303d54dd59e5e71401751129765df1a') in 0.010868 seconds
Number of updated asset objects reloaded before import = 0
Number of asset objects unloaded after import = 14
========================================================================
Received Import Request.
  Time since last request: 0.000020 seconds.
  path: Assets/Flat Textures Pack/Textures/Winter_IceCave.png
  artifactKey: Guid(4a3e8f1cd37ac564f8f0c0a80b080c37) Importer(2089858483,0ecaa5967403d082aa24f35e1b516d23)
Start importing Assets/Flat Textures Pack/Textures/Winter_IceCave.png using Guid(4a3e8f1cd37ac564f8f0c0a80b080c37) Importer(2089858483,0ecaa5967403d082aa24f35e1b516d23) Generated GUIDs only implemented for interfaces!
 -> (artifact id: 'f21af209355fb5cd8a423696f156e1ea') in 0.019907 seconds
Number of updated asset objects reloaded before import = 0
Number of asset objects unloaded after import = 1
========================================================================
Received Import Request.
  Time since last request: 0.000236 seconds.
  path: Assets/polygonTrees/polygonTrees/models/rocks/redRock/redRock.fbx
  artifactKey: Guid(836e72e91cf1304f68db13f87717634a) Importer(2089858483,0ecaa5967403d082aa24f35e1b516d23)
Start importing Assets/polygonTrees/polygonTrees/models/rocks/redRock/redRock.fbx using Guid(836e72e91cf1304f68db13f87717634a) Importer(2089858483,0ecaa5967403d082aa24f35e1b516d23) Generated GUIDs only implemented for interfaces!
 -> (artifact id: '35ad494ae14d75c689295c3af1e5fbd7') in 0.020949 seconds
Number of updated asset objects reloaded before import = 0
Number of asset objects unloaded after import = 8
========================================================================
Received Import Request.
  Time since last request: 0.000023 seconds.
  path: Assets/polygonTrees/polygonTrees/models/shrubs/bigLeavesShrubs/bigLeavesShrubs.fbx
  artifactKey: Guid(606069ef88593eae49cdff6264762507) Importer(2089858483,0ecaa5967403d082aa24f35e1b516d23)
Start importing Assets/polygonTrees/polygonTrees/models/shrubs/bigLeavesShrubs/bigLeavesShrubs.fbx using Guid(606069ef88593eae49cdff6264762507) Importer(2089858483,0ecaa5967403d082aa24f35e1b516d23) Generated GUIDs only implemented for interfaces!
 -> (artifact id: '7c826c62a8245cccc6ebf309569b3842') in 0.031901 seconds
Number of updated asset objects reloaded before import = 0
Number of asset objects unloaded after import = 9
========================================================================
Received Import Request.
  Time since last request: 0.000019 seconds.
  path: Assets/GrassFlowers/Textures/GrassFlowers/grassFlower03.tga
  artifactKey: Guid(c6bde8cacfa93444fa98152cb9e36815) Importer(2089858483,0ecaa5967403d082aa24f35e1b516d23)
Start importing Assets/GrassFlowers/Textures/GrassFlowers/grassFlower03.tga using Guid(c6bde8cacfa93444fa98152cb9e36815) Importer(2089858483,0ecaa5967403d082aa24f35e1b516d23) Generated GUIDs only implemented for interfaces!
 -> (artifact id: '21d5d466d207a653998d0c73d5619655') in 0.022715 seconds
Number of updated asset objects reloaded before import = 0
Number of asset objects unloaded after import = 1
========================================================================
Received Import Request.
  Time since last request: 0.000046 seconds.
  path: Assets/GrassFlowers/Textures/GrassFlowers/grassFlower06.tga
  artifactKey: Guid(b3d0250e4b7a1ac4abe98a38d34d2048) Importer(2089858483,0ecaa5967403d082aa24f35e1b516d23)
Start importing Assets/GrassFlowers/Textures/GrassFlowers/grassFlower06.tga using Guid(b3d0250e4b7a1ac4abe98a38d34d2048) Importer(2089858483,0ecaa5967403d082aa24f35e1b516d23) Generated GUIDs only implemented for interfaces!
 -> (artifact id: '857152401139dc9543265c0b8285b1f5') in 0.019078 seconds
Number of updated asset objects reloaded before import = 0
Number of asset objects unloaded after import = 1
========================================================================
Received Import Request.
  Time since last request: 0.000090 seconds.
  path: Assets/Flat Textures Pack/Textures/Winter_Spores.png
  artifactKey: Guid(59569d2ed7e8b7047be6fb0008e4f048) Importer(2089858483,0ecaa5967403d082aa24f35e1b516d23)
Start importing Assets/Flat Textures Pack/Textures/Winter_Spores.png using Guid(59569d2ed7e8b7047be6fb0008e4f048) Importer(2089858483,0ecaa5967403d082aa24f35e1b516d23) Generated GUIDs only implemented for interfaces!
 -> (artifact id: '8d0539e7d7570cb10bfd8b9a42e30070') in 0.019957 seconds
Number of updated asset objects reloaded before import = 0
Number of asset objects unloaded after import = 1
========================================================================
Received Import Request.
  Time since last request: 0.000042 seconds.
  path: Assets/polygonTrees/polygonTrees/prefabs/prefabLODs/dryTree/dryPurpleTreeL.prefab
  artifactKey: Guid(35a8edeb25d4f5555aafc101d801eeb6) Importer(2089858483,0ecaa5967403d082aa24f35e1b516d23)
Start importing Assets/polygonTrees/polygonTrees/prefabs/prefabLODs/dryTree/dryPurpleTreeL.prefab using Guid(35a8edeb25d4f5555aafc101d801eeb6) Importer(2089858483,0ecaa5967403d082aa24f35e1b516d23) Generated GUIDs only implemented for interfaces!
 -> (artifact id: 'd634b634e2e754952422cd3b5d7ff8af') in 0.013010 seconds
Number of updated asset objects reloaded before import = 0
Number of asset objects unloaded after import = 37
========================================================================
Received Import Request.
  Time since last request: 0.000020 seconds.
  path: Assets/polygonTrees/polygonTrees/prefabs/rocks/redRock Variant.prefab
  artifactKey: Guid(4e2cc68a60aeadc7294133b27bb32d51) Importer(2089858483,0ecaa5967403d082aa24f35e1b516d23)
Start importing Assets/polygonTrees/polygonTrees/prefabs/rocks/redRock Variant.prefab using Guid(4e2cc68a60aeadc7294133b27bb32d51) Importer(2089858483,0ecaa5967403d082aa24f35e1b516d23) Generated GUIDs only implemented for interfaces!
 -> (artifact id: '6791cda2ecf8981b0ce67dd9b863dd1e') in 0.009960 seconds
Number of updated asset objects reloaded before import = 0
Number of asset objects unloaded after import = 14
========================================================================
Received Import Request.
  Time since last request: 0.000024 seconds.
  path: Assets/Textures/seamless_long_green_grass_ground_grass_texture_hd_29.jpg
  artifactKey: Guid(7e9a0ebffb8f215419a3ca98a9839f5e) Importer(2089858483,0ecaa5967403d082aa24f35e1b516d23)
Start importing Assets/Textures/seamless_long_green_grass_ground_grass_texture_hd_29.jpg using Guid(7e9a0ebffb8f215419a3ca98a9839f5e) Importer(2089858483,0ecaa5967403d082aa24f35e1b516d23) Generated GUIDs only implemented for interfaces!
 -> (artifact id: 'a807a55e9e083c5dd1bdbd12885293a9') in 0.026475 seconds
Number of updated asset objects reloaded before import = 0
Number of asset objects unloaded after import = 1
========================================================================
Received Import Request.
  Time since last request: 0.000021 seconds.
  path: Assets/Flat Textures Pack/Textures/Summer_Roots.png
  artifactKey: Guid(9160bb514caa5e641a0fc34cd91ce0f9) Importer(2089858483,0ecaa5967403d082aa24f35e1b516d23)
Start importing Assets/Flat Textures Pack/Textures/Summer_Roots.png using Guid(9160bb514caa5e641a0fc34cd91ce0f9) Importer(2089858483,0ecaa5967403d082aa24f35e1b516d23) Generated GUIDs only implemented for interfaces!
 -> (artifact id: 'd8e4cdcea754a1cd08cd4063aebb6c12') in 0.021805 seconds
Number of updated asset objects reloaded before import = 0
Number of asset objects unloaded after import = 1
========================================================================
Received Import Request.
  Time since last request: 0.000053 seconds.
  path: Assets/Flat Textures Pack/Textures/Winter_Ice_Cracked_A.png
  artifactKey: Guid(8cba0a30a7bd0b0439ceea078f02eeef) Importer(2089858483,0ecaa5967403d082aa24f35e1b516d23)
Start importing Assets/Flat Textures Pack/Textures/Winter_Ice_Cracked_A.png using Guid(8cba0a30a7bd0b0439ceea078f02eeef) Importer(2089858483,0ecaa5967403d082aa24f35e1b516d23) Generated GUIDs only implemented for interfaces!
 -> (artifact id: '5fe16137bd01a77c6b837c4a047186b7') in 0.022658 seconds
Number of updated asset objects reloaded before import = 0
Number of asset objects unloaded after import = 1
========================================================================
Received Import Request.
  Time since last request: 0.000023 seconds.
  path: Assets/polygonTrees/polygonTrees/scene/models/scene.fbx
  artifactKey: Guid(ef7148b3fe80b1466b73d00b3717b79c) Importer(2089858483,0ecaa5967403d082aa24f35e1b516d23)
Start importing Assets/polygonTrees/polygonTrees/scene/models/scene.fbx using Guid(ef7148b3fe80b1466b73d00b3717b79c) Importer(2089858483,0ecaa5967403d082aa24f35e1b516d23) Generated GUIDs only implemented for interfaces!
 -> (artifact id: '2dc20d4bf3d386b3725a5ef97d677c27') in 0.233594 seconds
Number of updated asset objects reloaded before import = 0
Number of asset objects unloaded after import = 107
========================================================================
Received Import Request.
  Time since last request: 0.000029 seconds.
  path: Assets/polygonTrees/polygonTrees/prefabs/tree/DryTrees/dryFallenBranchesTree Variant.prefab
  artifactKey: Guid(a2724564696d47eccabc201325476737) Importer(2089858483,0ecaa5967403d082aa24f35e1b516d23)
Start importing Assets/polygonTrees/polygonTrees/prefabs/tree/DryTrees/dryFallenBranchesTree Variant.prefab using Guid(a2724564696d47eccabc201325476737) Importer(2089858483,0ecaa5967403d082aa24f35e1b516d23) Generated GUIDs only implemented for interfaces!
 -> (artifact id: '043ddf2ea80e8f4c617d10e72214a93e') in 0.010647 seconds
Number of updated asset objects reloaded before import = 0
Number of asset objects unloaded after import = 14
========================================================================
Received Import Request.
  Time since last request: 0.000037 seconds.
  path: Assets/polygonTrees/polygonTrees/models/modelsWithLods/grass/littleGrassL/littleGrassL.fbx
  artifactKey: Guid(87ce77df16da887e3b4dcb495428797f) Importer(2089858483,0ecaa5967403d082aa24f35e1b516d23)
Start importing Assets/polygonTrees/polygonTrees/models/modelsWithLods/grass/littleGrassL/littleGrassL.fbx using Guid(87ce77df16da887e3b4dcb495428797f) Importer(2089858483,0ecaa5967403d082aa24f35e1b516d23) Generated GUIDs only implemented for interfaces!
 -> (artifact id: 'fb926a88c170b3514625a39763293f87') in 0.028112 seconds
Number of updated asset objects reloaded before import = 0
Number of asset objects unloaded after import = 20
========================================================================
Received Import Request.
  Time since last request: 0.000017 seconds.
  path: Assets/polygonTrees/polygonTrees/models/shrubs/shrub/editableMaterials/shrubMaterial.mat
  artifactKey: Guid(841528ee7fc39b544960d9bb24d93fa8) Importer(2089858483,0ecaa5967403d082aa24f35e1b516d23)
Start importing Assets/polygonTrees/polygonTrees/models/shrubs/shrub/editableMaterials/shrubMaterial.mat using Guid(841528ee7fc39b544960d9bb24d93fa8) Importer(2089858483,0ecaa5967403d082aa24f35e1b516d23) Generated GUIDs only implemented for interfaces!
 -> (artifact id: 'cbd633cfaded090da78ec7c18ab2735c') in 0.005910 seconds
Number of updated asset objects reloaded before import = 0
Number of asset objects unloaded after import = 1
========================================================================
Received Import Request.
  Time since last request: 0.000048 seconds.
  path: Assets/polygonTrees/polygonTrees/prefabs/shrubs/meshCollider/bigLeavesShrubs Variant.prefab
  artifactKey: Guid(496e28cd48ebe93fab14274b00820b68) Importer(2089858483,0ecaa5967403d082aa24f35e1b516d23)
Start importing Assets/polygonTrees/polygonTrees/prefabs/shrubs/meshCollider/bigLeavesShrubs Variant.prefab using Guid(496e28cd48ebe93fab14274b00820b68) Importer(2089858483,0ecaa5967403d082aa24f35e1b516d23) Generated GUIDs only implemented for interfaces!
 -> (artifact id: 'b3f1d9df05d75ddb80d2e35ddd0544d4') in 0.011662 seconds
Number of updated asset objects reloaded before import = 0
Number of asset objects unloaded after import = 14
========================================================================
Received Import Request.
  Time since last request: 0.000017 seconds.
  path: Assets/polygonTrees/polygonTrees/models/rocks/blackRock/editableMAterial/blackRockMaterial.mat
  artifactKey: Guid(378f33bb7e5020c928dcfcea78d6b38d) Importer(2089858483,0ecaa5967403d082aa24f35e1b516d23)
Start importing Assets/polygonTrees/polygonTrees/models/rocks/blackRock/editableMAterial/blackRockMaterial.mat using Guid(378f33bb7e5020c928dcfcea78d6b38d) Importer(2089858483,0ecaa5967403d082aa24f35e1b516d23) Generated GUIDs only implemented for interfaces!
 -> (artifact id: '858264f93974dbd21376c61b48398e8f') in 0.007370 seconds
Number of updated asset objects reloaded before import = 0
Number of asset objects unloaded after import = 1
========================================================================
Received Import Request.
  Time since last request: 0.000059 seconds.
  path: Assets/polygonTrees/polygonTrees/prefabs/shrubs/meshCollider/littleLeavesShrub Variant.prefab
  artifactKey: Guid(37d3df5e6a5351e5abe637f98bd93990) Importer(2089858483,0ecaa5967403d082aa24f35e1b516d23)
Start importing Assets/polygonTrees/polygonTrees/prefabs/shrubs/meshCollider/littleLeavesShrub Variant.prefab using Guid(37d3df5e6a5351e5abe637f98bd93990) Importer(2089858483,0ecaa5967403d082aa24f35e1b516d23) Generated GUIDs only implemented for interfaces!
 -> (artifact id: '79754dee46ec3a67657c4525e7bce0bd') in 0.016953 seconds
Number of updated asset objects reloaded before import = 0
Number of asset objects unloaded after import = 14
========================================================================
Received Import Request.
  Time since last request: 0.000021 seconds.
  path: Assets/polygonTrees/polygonTrees/prefabs/tree/DryTrees/drySimpleTree Variant.prefab
  artifactKey: Guid(6cc76445391501dda8ef9608919e7449) Importer(2089858483,0ecaa5967403d082aa24f35e1b516d23)
Start importing Assets/polygonTrees/polygonTrees/prefabs/tree/DryTrees/drySimpleTree Variant.prefab using Guid(6cc76445391501dda8ef9608919e7449) Importer(2089858483,0ecaa5967403d082aa24f35e1b516d23) Generated GUIDs only implemented for interfaces!
 -> (artifact id: 'cc038f25070483a1b0737bace02d21be') in 0.012105 seconds
Number of updated asset objects reloaded before import = 0
Number of asset objects unloaded after import = 14
========================================================================
Received Import Request.
  Time since last request: 0.000020 seconds.
  path: Assets/polygonTrees/polygonTrees/models/trees/trees/purpleTree/purpleTree.fbx
  artifactKey: Guid(dab065333028e7dbc8bdea91c6e0e797) Importer(2089858483,0ecaa5967403d082aa24f35e1b516d23)
Start importing Assets/polygonTrees/polygonTrees/models/trees/trees/purpleTree/purpleTree.fbx using Guid(dab065333028e7dbc8bdea91c6e0e797) Importer(2089858483,0ecaa5967403d082aa24f35e1b516d23) Generated GUIDs only implemented for interfaces!
 -> (artifact id: 'aa0d46a6c0a770d52219bc281d62eb03') in 0.030881 seconds
Number of updated asset objects reloaded before import = 0
Number of asset objects unloaded after import = 9
========================================================================
Received Import Request.
  Time since last request: 0.000017 seconds.
  path: Assets/polygonTrees/polygonTrees/prefabs/tree/DryTrees/dryPurpleTree Variant.prefab
  artifactKey: Guid(eb484bc6289da1631ac007cafa331375) Importer(2089858483,0ecaa5967403d082aa24f35e1b516d23)
Start importing Assets/polygonTrees/polygonTrees/prefabs/tree/DryTrees/dryPurpleTree Variant.prefab using Guid(eb484bc6289da1631ac007cafa331375) Importer(2089858483,0ecaa5967403d082aa24f35e1b516d23) Generated GUIDs only implemented for interfaces!
 -> (artifact id: '5d62524d1ddb82ef74f0529c9407da63') in 0.010914 seconds
Number of updated asset objects reloaded before import = 0
Number of asset objects unloaded after import = 14
========================================================================
Received Import Request.
  Time since last request: 0.000027 seconds.
  path: Assets/polygonTrees/polygonTrees/models/modelsWithLods/shrub/bigLeavesShrubsL/bigLeavesShrubsL.fbx
  artifactKey: Guid(25049212967bf44f895b6ce16b15451e) Importer(2089858483,0ecaa5967403d082aa24f35e1b516d23)
Start importing Assets/polygonTrees/polygonTrees/models/modelsWithLods/shrub/bigLeavesShrubsL/bigLeavesShrubsL.fbx using Guid(25049212967bf44f895b6ce16b15451e) Importer(2089858483,0ecaa5967403d082aa24f35e1b516d23) Generated GUIDs only implemented for interfaces!
 -> (artifact id: '458f02d0931edadaae9d3cd93d7b071a') in 0.040257 seconds
Number of updated asset objects reloaded before import = 0
Number of asset objects unloaded after import = 21
========================================================================
Received Import Request.
  Time since last request: 0.000021 seconds.
  path: Assets/polygonTrees/polygonTrees/prefabs/tree/trees/meshCollider/tree Variant.prefab
  artifactKey: Guid(7efdb8014b1a7d0e8a1c26bf74dd3e0d) Importer(2089858483,0ecaa5967403d082aa24f35e1b516d23)
Start importing Assets/polygonTrees/polygonTrees/prefabs/tree/trees/meshCollider/tree Variant.prefab using Guid(7efdb8014b1a7d0e8a1c26bf74dd3e0d) Importer(2089858483,0ecaa5967403d082aa24f35e1b516d23) Generated GUIDs only implemented for interfaces!
 -> (artifact id: '387c3949949ce88e6e7d5012a6678051') in 0.015232 seconds
Number of updated asset objects reloaded before import = 0
Number of asset objects unloaded after import = 14
========================================================================
Received Import Request.
  Time since last request: 0.000019 seconds.
  path: Assets/polygonTrees/polygonTrees/prefabs/tree/DryTrees/meshCollider/drySimpleTree Variant.prefab
  artifactKey: Guid(0e433a40fec982603a2534990bb87688) Importer(2089858483,0ecaa5967403d082aa24f35e1b516d23)
Start importing Assets/polygonTrees/polygonTrees/prefabs/tree/DryTrees/meshCollider/drySimpleTree Variant.prefab using Guid(0e433a40fec982603a2534990bb87688) Importer(2089858483,0ecaa5967403d082aa24f35e1b516d23) Generated GUIDs only implemented for interfaces!
 -> (artifact id: 'be2ef9c67b3e0518bce33b85e66eea84') in 0.013165 seconds
Number of updated asset objects reloaded before import = 0
Number of asset objects unloaded after import = 14
========================================================================
Received Import Request.
  Time since last request: 0.000026 seconds.
  path: Assets/polygonTrees/polygonTrees/prefabs/tree/trees/simpleTree Variant.prefab
  artifactKey: Guid(e021f2107856b97978976612624c27b8) Importer(2089858483,0ecaa5967403d082aa24f35e1b516d23)
Start importing Assets/polygonTrees/polygonTrees/prefabs/tree/trees/simpleTree Variant.prefab using Guid(e021f2107856b97978976612624c27b8) Importer(2089858483,0ecaa5967403d082aa24f35e1b516d23) Generated GUIDs only implemented for interfaces!
 -> (artifact id: '1d3c243c079fad2579f187ffed8feb8f') in 0.010261 seconds
Number of updated asset objects reloaded before import = 0
Number of asset objects unloaded after import = 14
========================================================================
Received Import Request.
  Time since last request: 0.000027 seconds.
  path: Assets/polygonTrees/polygonTrees/models/trees/deadTrees/dryFallenBranchesTree/dryFallenBranchesTree.fbx
  artifactKey: Guid(049f54454f82d8835906f0cb01d2a8ba) Importer(2089858483,0ecaa5967403d082aa24f35e1b516d23)
Start importing Assets/polygonTrees/polygonTrees/models/trees/deadTrees/dryFallenBranchesTree/dryFallenBranchesTree.fbx using Guid(049f54454f82d8835906f0cb01d2a8ba) Importer(2089858483,0ecaa5967403d082aa24f35e1b516d23) Generated GUIDs only implemented for interfaces!
 -> (artifact id: 'd658d520e8d409c9257649272986dc97') in 0.036474 seconds
Number of updated asset objects reloaded before import = 0
Number of asset objects unloaded after import = 8
========================================================================
Received Import Request.
  Time since last request: 0.000034 seconds.
  path: Assets/polygonTrees/polygonTrees/models/trees/trees/tree/tree.fbx
  artifactKey: Guid(f14cb1c1dbd9f186e8c5fffbe4226805) Importer(2089858483,0ecaa5967403d082aa24f35e1b516d23)
Start importing Assets/polygonTrees/polygonTrees/models/trees/trees/tree/tree.fbx using Guid(f14cb1c1dbd9f186e8c5fffbe4226805) Importer(2089858483,0ecaa5967403d082aa24f35e1b516d23) Generated GUIDs only implemented for interfaces!
 -> (artifact id: '87923f922233f36d73650e0be44e69dd') in 0.057063 seconds
Number of updated asset objects reloaded before import = 0
Number of asset objects unloaded after import = 9
========================================================================
Received Import Request.
  Time since last request: 0.000020 seconds.
  path: Assets/polygonTrees/polygonTrees/models/shrubs/shrub/editableMaterials/leavesMaterial.mat
  artifactKey: Guid(1a477a76ef1af2f4eaf8f83087aab051) Importer(2089858483,0ecaa5967403d082aa24f35e1b516d23)
Start importing Assets/polygonTrees/polygonTrees/models/shrubs/shrub/editableMaterials/leavesMaterial.mat using Guid(1a477a76ef1af2f4eaf8f83087aab051) Importer(2089858483,0ecaa5967403d082aa24f35e1b516d23) Generated GUIDs only implemented for interfaces!
 -> (artifact id: '04201ac1a6e825d9ea7e367df4f0a055') in 0.007365 seconds
Number of updated asset objects reloaded before import = 0
Number of asset objects unloaded after import = 1
========================================================================
Received Import Request.
  Time since last request: 0.000047 seconds.
  path: Assets/polygonTrees/polygonTrees/prefabs/tree/trees/purpleTree Variant.prefab
  artifactKey: Guid(874e3a4a755ef9e639594d1f5df968d1) Importer(2089858483,0ecaa5967403d082aa24f35e1b516d23)
Start importing Assets/polygonTrees/polygonTrees/prefabs/tree/trees/purpleTree Variant.prefab using Guid(874e3a4a755ef9e639594d1f5df968d1) Importer(2089858483,0ecaa5967403d082aa24f35e1b516d23) Generated GUIDs only implemented for interfaces!
 -> (artifact id: '0b12239b30258b29099b7951803eda2b') in 0.016271 seconds
Number of updated asset objects reloaded before import = 0
Number of asset objects unloaded after import = 14
========================================================================
Received Import Request.
  Time since last request: 0.000019 seconds.
  path: Assets/polygonTrees/polygonTrees/models/modelsWithLods/shrub/littleLeavesShrubL/littleLeavesShrubL.fbx
  artifactKey: Guid(e16b41a8acca9630a87bc28289a86bb6) Importer(2089858483,0ecaa5967403d082aa24f35e1b516d23)
Start importing Assets/polygonTrees/polygonTrees/models/modelsWithLods/shrub/littleLeavesShrubL/littleLeavesShrubL.fbx using Guid(e16b41a8acca9630a87bc28289a86bb6) Importer(2089858483,0ecaa5967403d082aa24f35e1b516d23) Generated GUIDs only implemented for interfaces!
 -> (artifact id: '9fe42919a377b9c9e2f024480413a14b') in 0.040138 seconds
Number of updated asset objects reloaded before import = 0
Number of asset objects unloaded after import = 21
========================================================================
Received Import Request.
  Time since last request: 0.000030 seconds.
  path: Assets/polygonTrees/polygonTrees/prefabs/tree/DryTrees/dryTree Variant.prefab
  artifactKey: Guid(f45f80d80cecde8479d856266aa043f6) Importer(2089858483,0ecaa5967403d082aa24f35e1b516d23)
Start importing Assets/polygonTrees/polygonTrees/prefabs/tree/DryTrees/dryTree Variant.prefab using Guid(f45f80d80cecde8479d856266aa043f6) Importer(2089858483,0ecaa5967403d082aa24f35e1b516d23) Generated GUIDs only implemented for interfaces!
 -> (artifact id: '0d9969a0248dda27e4f69a21eef07155') in 0.012729 seconds
Number of updated asset objects reloaded before import = 0
Number of asset objects unloaded after import = 14
========================================================================
Received Import Request.
  Time since last request: 0.000023 seconds.
  path: Assets/polygonTrees/polygonTrees/models/modelsWithLods/grass/grassL/grassL.fbx
  artifactKey: Guid(ee60ac5bc0bdd34f18a231aede46f681) Importer(2089858483,0ecaa5967403d082aa24f35e1b516d23)
Start importing Assets/polygonTrees/polygonTrees/models/modelsWithLods/grass/grassL/grassL.fbx using Guid(ee60ac5bc0bdd34f18a231aede46f681) Importer(2089858483,0ecaa5967403d082aa24f35e1b516d23) Generated GUIDs only implemented for interfaces!
 -> (artifact id: '0f90b859e4cb8fe1eb26f7816fe79473') in 0.030964 seconds
Number of updated asset objects reloaded before import = 0
Number of asset objects unloaded after import = 20
========================================================================
Received Import Request.
  Time since last request: 0.000030 seconds.
  path: Assets/polygonTrees/polygonTrees/models/trees/deadTrees/dryTree/dryTree.fbx
  artifactKey: Guid(a447a4862bfecf9b48155669d7db9f02) Importer(2089858483,0ecaa5967403d082aa24f35e1b516d23)
Start importing Assets/polygonTrees/polygonTrees/models/trees/deadTrees/dryTree/dryTree.fbx using Guid(a447a4862bfecf9b48155669d7db9f02) Importer(2089858483,0ecaa5967403d082aa24f35e1b516d23) Generated GUIDs only implemented for interfaces!
 -> (artifact id: '9cab985b7e15ee60f892ebbe9ac1f086') in 0.031308 seconds
Number of updated asset objects reloaded before import = 0
Number of asset objects unloaded after import = 8
========================================================================
Received Import Request.
  Time since last request: 0.000030 seconds.
  path: Assets/polygonTrees/polygonTrees/prefabs/tree/trees/tree Variant.prefab
  artifactKey: Guid(3f7dd0e9bb47425f3b6515ab77926eb2) Importer(2089858483,0ecaa5967403d082aa24f35e1b516d23)
Start importing Assets/polygonTrees/polygonTrees/prefabs/tree/trees/tree Variant.prefab using Guid(3f7dd0e9bb47425f3b6515ab77926eb2) Importer(2089858483,0ecaa5967403d082aa24f35e1b516d23) Generated GUIDs only implemented for interfaces!
 -> (artifact id: '248cdecf983ff27c68417038b5bf6ff4') in 0.017577 seconds
Number of updated asset objects reloaded before import = 0
Number of asset objects unloaded after import = 14
========================================================================
Received Import Request.
  Time since last request: 0.000058 seconds.
  path: Assets/Flat Textures Pack/Textures/Summer_Mud_A_Normal.png
  artifactKey: Guid(5fa703b97d0e0024c9f654816383659a) Importer(2089858483,0ecaa5967403d082aa24f35e1b516d23)
Start importing Assets/Flat Textures Pack/Textures/Summer_Mud_A_Normal.png using Guid(5fa703b97d0e0024c9f654816383659a) Importer(2089858483,0ecaa5967403d082aa24f35e1b516d23) Generated GUIDs only implemented for interfaces!
 -> (artifact id: '86c5a37b5e3b56a557fc77b73f8fb134') in 0.025201 seconds
Number of updated asset objects reloaded before import = 0
Number of asset objects unloaded after import = 1
========================================================================
Received Import Request.
  Time since last request: 0.000039 seconds.
  path: Assets/polygonTrees/polygonTrees/models/modelsWithLods/dryTree/dryFallenBranchesTreeL/naturalMaterial/treeMaterialN.mat
  artifactKey: Guid(05212d508a01d404b8ddfe9bbfd55c1e) Importer(2089858483,0ecaa5967403d082aa24f35e1b516d23)
Start importing Assets/polygonTrees/polygonTrees/models/modelsWithLods/dryTree/dryFallenBranchesTreeL/naturalMaterial/treeMaterialN.mat using Guid(05212d508a01d404b8ddfe9bbfd55c1e) Importer(2089858483,0ecaa5967403d082aa24f35e1b516d23) Generated GUIDs only implemented for interfaces!
 -> (artifact id: 'e954fc435c9e56bc83b33b3cca094b4b') in 0.006157 seconds
Number of updated asset objects reloaded before import = 0
Number of asset objects unloaded after import = 1
========================================================================
Received Import Request.
  Time since last request: 0.000021 seconds.
  path: Assets/polygonTrees/polygonTrees/models/modelsWithLods/shrub/littleLeavesShrubL/editableMaterial/shrubMaterial.mat
  artifactKey: Guid(a13a861bc804bbcc5807627edd198fa4) Importer(2089858483,0ecaa5967403d082aa24f35e1b516d23)
Start importing Assets/polygonTrees/polygonTrees/models/modelsWithLods/shrub/littleLeavesShrubL/editableMaterial/shrubMaterial.mat using Guid(a13a861bc804bbcc5807627edd198fa4) Importer(2089858483,0ecaa5967403d082aa24f35e1b516d23) Generated GUIDs only implemented for interfaces!
 -> (artifact id: '3e6906df467f31dbd31fc89083e05ddc') in 0.007289 seconds
Number of updated asset objects reloaded before import = 0
Number of asset objects unloaded after import = 1
========================================================================
Received Import Request.
  Time since last request: 0.000020 seconds.
  path: Assets/polygonTrees/polygonTrees/models/trees/deadTrees/dryFallenBranchesTree/editableMAtrial/treeMaterial.mat
  artifactKey: Guid(84c86fe681f2395bf9edff18bcbab18a) Importer(2089858483,0ecaa5967403d082aa24f35e1b516d23)
Start importing Assets/polygonTrees/polygonTrees/models/trees/deadTrees/dryFallenBranchesTree/editableMAtrial/treeMaterial.mat using Guid(84c86fe681f2395bf9edff18bcbab18a) Importer(2089858483,0ecaa5967403d082aa24f35e1b516d23) Generated GUIDs only implemented for interfaces!
 -> (artifact id: '03bc0d935ec0ee502d0ebe9864370590') in 0.005444 seconds
Number of updated asset objects reloaded before import = 0
Number of asset objects unloaded after import = 1
========================================================================
Received Import Request.
  Time since last request: 0.000023 seconds.
  path: Assets/polygonTrees/polygonTrees/models/modelsWithLods/trees/bigLeavesTreeL/naturalMaterial/leavesMaterialN.mat
  artifactKey: Guid(f6194df1452eb901cb1116e9fe769fa3) Importer(2089858483,0ecaa5967403d082aa24f35e1b516d23)
Start importing Assets/polygonTrees/polygonTrees/models/modelsWithLods/trees/bigLeavesTreeL/naturalMaterial/leavesMaterialN.mat using Guid(f6194df1452eb901cb1116e9fe769fa3) Importer(2089858483,0ecaa5967403d082aa24f35e1b516d23) Generated GUIDs only implemented for interfaces!
 -> (artifact id: '75385b4c577ce63c15f44f37e569eaac') in 0.008093 seconds
Number of updated asset objects reloaded before import = 0
Number of asset objects unloaded after import = 1
========================================================================
Received Import Request.
  Time since last request: 0.000019 seconds.
  path: Assets/polygonTrees/polygonTrees/models/modelsWithLods/trees/bigLeavesTreeL/naturalMaterial/TreeMaterialN.mat
  artifactKey: Guid(8f0469bed386380c389e81b3b4a96d0b) Importer(2089858483,0ecaa5967403d082aa24f35e1b516d23)
Start importing Assets/polygonTrees/polygonTrees/models/modelsWithLods/trees/bigLeavesTreeL/naturalMaterial/TreeMaterialN.mat using Guid(8f0469bed386380c389e81b3b4a96d0b) Importer(2089858483,0ecaa5967403d082aa24f35e1b516d23) Generated GUIDs only implemented for interfaces!
 -> (artifact id: '5e1db52121378fec9572e8238687626b') in 0.006116 seconds
Number of updated asset objects reloaded before import = 0
Number of asset objects unloaded after import = 1
========================================================================
Received Import Request.
  Time since last request: 0.000025 seconds.
  path: Assets/polygonTrees/polygonTrees/models/modelsWithLods/rocks/blackRockL/naturalMaterial/blackRockMaterialN.mat
  artifactKey: Guid(bf625161a7897b4c9b8de2a21cf5b09c) Importer(2089858483,0ecaa5967403d082aa24f35e1b516d23)
Start importing Assets/polygonTrees/polygonTrees/models/modelsWithLods/rocks/blackRockL/naturalMaterial/blackRockMaterialN.mat using Guid(bf625161a7897b4c9b8de2a21cf5b09c) Importer(2089858483,0ecaa5967403d082aa24f35e1b516d23) Generated GUIDs only implemented for interfaces!
 -> (artifact id: '5d50b8d99f3cc59fb15cefa21101bdee') in 0.005665 seconds
Number of updated asset objects reloaded before import = 0
Number of asset objects unloaded after import = 1
========================================================================
Received Import Request.
  Time since last request: 0.000017 seconds.
  path: Assets/polygonTrees/polygonTrees/models/modelsWithLods/dryTree/dryPurpleTreeL/editableMaterial/TreeMaterial.mat
  artifactKey: Guid(a05ac260cad98e246b849caa8b3ab56b) Importer(2089858483,0ecaa5967403d082aa24f35e1b516d23)
Start importing Assets/polygonTrees/polygonTrees/models/modelsWithLods/dryTree/dryPurpleTreeL/editableMaterial/TreeMaterial.mat using Guid(a05ac260cad98e246b849caa8b3ab56b) Importer(2089858483,0ecaa5967403d082aa24f35e1b516d23) Generated GUIDs only implemented for interfaces!
 -> (artifact id: 'b3caad4ba4db773350a419c4aae9857a') in 0.006801 seconds
Number of updated asset objects reloaded before import = 0
Number of asset objects unloaded after import = 1
========================================================================
Received Import Request.
  Time since last request: 0.000016 seconds.
  path: Assets/polygonTrees/polygonTrees/models/modelsWithLods/shrub/bigLeavesShrubsL/editableMaterial/leavesMaterial.mat
  artifactKey: Guid(07e04cbf4ce23d5aca37b2db915d0a08) Importer(2089858483,0ecaa5967403d082aa24f35e1b516d23)
Start importing Assets/polygonTrees/polygonTrees/models/modelsWithLods/shrub/bigLeavesShrubsL/editableMaterial/leavesMaterial.mat using Guid(07e04cbf4ce23d5aca37b2db915d0a08) Importer(2089858483,0ecaa5967403d082aa24f35e1b516d23) Generated GUIDs only implemented for interfaces!
 -> (artifact id: 'cb81d80e24a1b7b11bbf440d289414ed') in 0.005286 seconds
Number of updated asset objects reloaded before import = 0
Number of asset objects unloaded after import = 1
========================================================================
Received Import Request.
  Time since last request: 0.000019 seconds.
  path: Assets/polygonTrees/polygonTrees/models/modelsWithLods/trees/fallenBranchesTreeL/naturalMaterial/treeMaterialN.mat
  artifactKey: Guid(859bc63174e9d3b1495c0b2bef7cb8cf) Importer(2089858483,0ecaa5967403d082aa24f35e1b516d23)
Start importing Assets/polygonTrees/polygonTrees/models/modelsWithLods/trees/fallenBranchesTreeL/naturalMaterial/treeMaterialN.mat using Guid(859bc63174e9d3b1495c0b2bef7cb8cf) Importer(2089858483,0ecaa5967403d082aa24f35e1b516d23) Generated GUIDs only implemented for interfaces!
 -> (artifact id: 'ff227df90d1b14f7a11ce9e594233f0c') in 0.005128 seconds
Number of updated asset objects reloaded before import = 0
Number of asset objects unloaded after import = 1
========================================================================
Received Import Request.
  Time since last request: 0.000026 seconds.
  path: Assets/polygonTrees/polygonTrees/models/modelsWithLods/dryTree/dryTreeL/editableMaterial/treeMaterial.mat
  artifactKey: Guid(dd5b5c32259009c3388ff00c5eee12b7) Importer(2089858483,0ecaa5967403d082aa24f35e1b516d23)
Start importing Assets/polygonTrees/polygonTrees/models/modelsWithLods/dryTree/dryTreeL/editableMaterial/treeMaterial.mat using Guid(dd5b5c32259009c3388ff00c5eee12b7) Importer(2089858483,0ecaa5967403d082aa24f35e1b516d23) Generated GUIDs only implemented for interfaces!
 -> (artifact id: '4e3a2929df993b9490b51d9cbf8b79e4') in 0.005569 seconds
Number of updated asset objects reloaded before import = 0
Number of asset objects unloaded after import = 1
========================================================================
Received Import Request.
  Time since last request: 0.000020 seconds.
  path: Assets/polygonTrees/polygonTrees/models/modelsWithLods/dryBranches/dryBranchesL/naturalMaterial/deadTreeMaterialN.mat
  artifactKey: Guid(0e346cecc4919538d88f761d1387e664) Importer(2089858483,0ecaa5967403d082aa24f35e1b516d23)
Start importing Assets/polygonTrees/polygonTrees/models/modelsWithLods/dryBranches/dryBranchesL/naturalMaterial/deadTreeMaterialN.mat using Guid(0e346cecc4919538d88f761d1387e664) Importer(2089858483,0ecaa5967403d082aa24f35e1b516d23) Generated GUIDs only implemented for interfaces!
 -> (artifact id: '9eccfe3db052708b7e1632c7e80ef189') in 0.007002 seconds
Number of updated asset objects reloaded before import = 0
Number of asset objects unloaded after import = 1
========================================================================
Received Import Request.
  Time since last request: 0.000018 seconds.
  path: Assets/polygonTrees/polygonTrees/models/trees/trees/fallenBranchesTree/editableMaterial/leavesMaterial.mat
  artifactKey: Guid(d661de310ea73c73983ff36ce0cdb5fd) Importer(2089858483,0ecaa5967403d082aa24f35e1b516d23)
Start importing Assets/polygonTrees/polygonTrees/models/trees/trees/fallenBranchesTree/editableMaterial/leavesMaterial.mat using Guid(d661de310ea73c73983ff36ce0cdb5fd) Importer(2089858483,0ecaa5967403d082aa24f35e1b516d23) Generated GUIDs only implemented for interfaces!
 -> (artifact id: 'a0ec4f9c54ca73b605840b3beb333fe8') in 0.005451 seconds
Number of updated asset objects reloaded before import = 0
Number of asset objects unloaded after import = 1
========================================================================
Received Import Request.
  Time since last request: 0.000017 seconds.
  path: Assets/polygonTrees/polygonTrees/models/modelsWithLods/trees/purpleTreeL/editableMaterial/leavesMaterial.mat
  artifactKey: Guid(c3ca41640477d73ed9cc18149d341001) Importer(2089858483,0ecaa5967403d082aa24f35e1b516d23)
Start importing Assets/polygonTrees/polygonTrees/models/modelsWithLods/trees/purpleTreeL/editableMaterial/leavesMaterial.mat using Guid(c3ca41640477d73ed9cc18149d341001) Importer(2089858483,0ecaa5967403d082aa24f35e1b516d23) Generated GUIDs only implemented for interfaces!
 -> (artifact id: '1120996411fd30cf83f430eba86b45f5') in 0.006896 seconds
Number of updated asset objects reloaded before import = 0
Number of asset objects unloaded after import = 1
========================================================================
Received Import Request.
  Time since last request: 0.000020 seconds.
  path: Assets/polygonTrees/polygonTrees/models/modelsWithLods/trees/purpleTreeL/naturalMaterial/leavesMaterial.mat
  artifactKey: Guid(5b522fe9122127e7ba567780f539da47) Importer(2089858483,0ecaa5967403d082aa24f35e1b516d23)
Start importing Assets/polygonTrees/polygonTrees/models/modelsWithLods/trees/purpleTreeL/naturalMaterial/leavesMaterial.mat using Guid(5b522fe9122127e7ba567780f539da47) Importer(2089858483,0ecaa5967403d082aa24f35e1b516d23) Generated GUIDs only implemented for interfaces!
 -> (artifact id: '8df74d4df1883c51c7d09acd65396065') in 0.005080 seconds
Number of updated asset objects reloaded before import = 0
Number of asset objects unloaded after import = 1
========================================================================
Received Import Request.
  Time since last request: 0.000025 seconds.
  path: Assets/polygonTrees/polygonTrees/models/modelsWithLods/dryTree/drySimpleTreeL/naturalMaterial/treeMaterialN.mat
  artifactKey: Guid(7347ad51b4a98241f8bee1e15afa0ef1) Importer(2089858483,0ecaa5967403d082aa24f35e1b516d23)
Start importing Assets/polygonTrees/polygonTrees/models/modelsWithLods/dryTree/drySimpleTreeL/naturalMaterial/treeMaterialN.mat using Guid(7347ad51b4a98241f8bee1e15afa0ef1) Importer(2089858483,0ecaa5967403d082aa24f35e1b516d23) Generated GUIDs only implemented for interfaces!
 -> (artifact id: '3a756823fa60312b780cd86ea927c952') in 0.007687 seconds
Number of updated asset objects reloaded before import = 0
Number of asset objects unloaded after import = 1
========================================================================
Received Import Request.
  Time since last request: 0.000022 seconds.
  path: Assets/polygonTrees/polygonTrees/models/modelsWithLods/trees/purpleTreeL/naturalMaterial/TreeMaterial.mat
  artifactKey: Guid(ed47b9635f4db2e12829f7923f19d0a3) Importer(2089858483,0ecaa5967403d082aa24f35e1b516d23)
Start importing Assets/polygonTrees/polygonTrees/models/modelsWithLods/trees/purpleTreeL/naturalMaterial/TreeMaterial.mat using Guid(ed47b9635f4db2e12829f7923f19d0a3) Importer(2089858483,0ecaa5967403d082aa24f35e1b516d23) Generated GUIDs only implemented for interfaces!
 -> (artifact id: '59011e60b3223ca599505fa21675583b') in 0.004869 seconds
Number of updated asset objects reloaded before import = 0
Number of asset objects unloaded after import = 1
========================================================================
Received Import Request.
  Time since last request: 0.000055 seconds.
  path: Assets/polygonTrees/polygonTrees/models/modelsWithLods/dryTree/dryBigLeavesTreeL/editableMaterial/TreeMaterial.mat
  artifactKey: Guid(c436d10ac6ff2a00586742c6b4343105) Importer(2089858483,0ecaa5967403d082aa24f35e1b516d23)
Start importing Assets/polygonTrees/polygonTrees/models/modelsWithLods/dryTree/dryBigLeavesTreeL/editableMaterial/TreeMaterial.mat using Guid(c436d10ac6ff2a00586742c6b4343105) Importer(2089858483,0ecaa5967403d082aa24f35e1b516d23) Generated GUIDs only implemented for interfaces!
 -> (artifact id: '1ec62ce672ebf542a7efc0db3ccbc278') in 0.006406 seconds
Number of updated asset objects reloaded before import = 0
Number of asset objects unloaded after import = 1
========================================================================
Received Import Request.
  Time since last request: 0.000017 seconds.
  path: Assets/polygonTrees/polygonTrees/models/modelsWithLods/rocks/rockL/naturalMaterial/rockMaterialN.mat
  artifactKey: Guid(20a5d8224abaccdb3875c88c4a05c650) Importer(2089858483,0ecaa5967403d082aa24f35e1b516d23)
Start importing Assets/polygonTrees/polygonTrees/models/modelsWithLods/rocks/rockL/naturalMaterial/rockMaterialN.mat using Guid(20a5d8224abaccdb3875c88c4a05c650) Importer(2089858483,0ecaa5967403d082aa24f35e1b516d23) Generated GUIDs only implemented for interfaces!
 -> (artifact id: 'b90e7b17fafb9e8a1f718d40a2ffa7b6') in 0.006618 seconds
Number of updated asset objects reloaded before import = 0
Number of asset objects unloaded after import = 1
========================================================================
Received Import Request.
  Time since last request: 0.000028 seconds.
  path: Assets/polygonTrees/polygonTrees/models/trees/trees/tree/editableMaterial/treeMaterial.mat
  artifactKey: Guid(d75bd6a5a32a51369ad7be6de5d0d050) Importer(2089858483,0ecaa5967403d082aa24f35e1b516d23)
Start importing Assets/polygonTrees/polygonTrees/models/trees/trees/tree/editableMaterial/treeMaterial.mat using Guid(d75bd6a5a32a51369ad7be6de5d0d050) Importer(2089858483,0ecaa5967403d082aa24f35e1b516d23) Generated GUIDs only implemented for interfaces!
 -> (artifact id: 'ff3cbcfac2da61fa629201d251e93e53') in 0.006630 seconds
Number of updated asset objects reloaded before import = 0
Number of asset objects unloaded after import = 1
========================================================================
Received Import Request.
  Time since last request: 0.000121 seconds.
  path: Assets/polygonTrees/polygonTrees/models/trees/trees/simpleTree/editableMaterials/leavesMaterial.mat
  artifactKey: Guid(967a819c2e61bf0fc8defd81721d5887) Importer(2089858483,0ecaa5967403d082aa24f35e1b516d23)
Start importing Assets/polygonTrees/polygonTrees/models/trees/trees/simpleTree/editableMaterials/leavesMaterial.mat using Guid(967a819c2e61bf0fc8defd81721d5887) Importer(2089858483,0ecaa5967403d082aa24f35e1b516d23) Generated GUIDs only implemented for interfaces!
 -> (artifact id: '7320e12833349c040be8da770f91a9d4') in 0.007166 seconds
Number of updated asset objects reloaded before import = 0
Number of asset objects unloaded after import = 1
========================================================================
Received Import Request.
  Time since last request: 0.000019 seconds.
  path: Assets/polygonTrees/polygonTrees/models/modelsWithLods/trees/simpleTreeL/editableMaterial/leavesMaterial.mat
  artifactKey: Guid(3b5bbcc20d9826da486c70501e12f767) Importer(2089858483,0ecaa5967403d082aa24f35e1b516d23)
Start importing Assets/polygonTrees/polygonTrees/models/modelsWithLods/trees/simpleTreeL/editableMaterial/leavesMaterial.mat using Guid(3b5bbcc20d9826da486c70501e12f767) Importer(2089858483,0ecaa5967403d082aa24f35e1b516d23) Generated GUIDs only implemented for interfaces!
 -> (artifact id: '58fb8ad5e8329e299665ddc46f2248f4') in 0.007037 seconds
Number of updated asset objects reloaded before import = 0
Number of asset objects unloaded after import = 1
========================================================================
Received Import Request.
  Time since last request: 0.000020 seconds.
  path: Assets/polygonTrees/polygonTrees/models/modelsWithLods/trees/tree1L/editableMaterial/leavesMaterial.mat
  artifactKey: Guid(a93e10294dd069d1e90e0d1b02084845) Importer(2089858483,0ecaa5967403d082aa24f35e1b516d23)
Start importing Assets/polygonTrees/polygonTrees/models/modelsWithLods/trees/tree1L/editableMaterial/leavesMaterial.mat using Guid(a93e10294dd069d1e90e0d1b02084845) Importer(2089858483,0ecaa5967403d082aa24f35e1b516d23) Generated GUIDs only implemented for interfaces!
 -> (artifact id: '2ee80434dc6423c2007870741ef701af') in 0.005907 seconds
Number of updated asset objects reloaded before import = 0
Number of asset objects unloaded after import = 1
========================================================================
Received Import Request.
  Time since last request: 0.000025 seconds.
  path: Assets/polygonTrees/polygonTrees/models/trees/trees/bigLeavesTree/editableMaterials/leavesMaterial.mat
  artifactKey: Guid(66437b4c7b3af3279bbb8e06d605beed) Importer(2089858483,0ecaa5967403d082aa24f35e1b516d23)
Start importing Assets/polygonTrees/polygonTrees/models/trees/trees/bigLeavesTree/editableMaterials/leavesMaterial.mat using Guid(66437b4c7b3af3279bbb8e06d605beed) Importer(2089858483,0ecaa5967403d082aa24f35e1b516d23) Generated GUIDs only implemented for interfaces!
 -> (artifact id: 'e1a23517116aa102da1646f8f9c1b939') in 0.009549 seconds
Number of updated asset objects reloaded before import = 0
Number of asset objects unloaded after import = 1
========================================================================
Received Import Request.
  Time since last request: 0.000025 seconds.
  path: Assets/polygonTrees/polygonTrees/models/shrubs/bigLeavesShrubs/editableMaterials/leavesMaterial.mat
  artifactKey: Guid(659a034a295888535b056b266ae23989) Importer(2089858483,0ecaa5967403d082aa24f35e1b516d23)
Start importing Assets/polygonTrees/polygonTrees/models/shrubs/bigLeavesShrubs/editableMaterials/leavesMaterial.mat using Guid(659a034a295888535b056b266ae23989) Importer(2089858483,0ecaa5967403d082aa24f35e1b516d23) Generated GUIDs only implemented for interfaces!
 -> (artifact id: '3421e2b500d2dc1551630a56c4831232') in 0.007873 seconds
Number of updated asset objects reloaded before import = 0
Number of asset objects unloaded after import = 1
========================================================================
Received Import Request.
  Time since last request: 0.000024 seconds.
  path: Assets/polygonTrees/polygonTrees/models/trees/trees/simpleTree/simpleTree.fbx
  artifactKey: Guid(b61cbb3a5418451ef879c216ad91ec47) Importer(2089858483,0ecaa5967403d082aa24f35e1b516d23)
Start importing Assets/polygonTrees/polygonTrees/models/trees/trees/simpleTree/simpleTree.fbx using Guid(b61cbb3a5418451ef879c216ad91ec47) Importer(2089858483,0ecaa5967403d082aa24f35e1b516d23) Generated GUIDs only implemented for interfaces!
 -> (artifact id: 'adaa13b0e18a41db1f43d29fdd451521') in 0.031914 seconds
Number of updated asset objects reloaded before import = 0
Number of asset objects unloaded after import = 9
========================================================================
Received Import Request.
  Time since last request: 0.000035 seconds.
  path: Assets/polygonTrees/polygonTrees/models/dryBranch/dryBranch/editableMaterial/deadTreeMaterial.mat
  artifactKey: Guid(d4bc6858a3a2523efadf121c0fe13d91) Importer(2089858483,0ecaa5967403d082aa24f35e1b516d23)
Start importing Assets/polygonTrees/polygonTrees/models/dryBranch/dryBranch/editableMaterial/deadTreeMaterial.mat using Guid(d4bc6858a3a2523efadf121c0fe13d91) Importer(2089858483,0ecaa5967403d082aa24f35e1b516d23) Generated GUIDs only implemented for interfaces!
 -> (artifact id: '0f77017804583d021e1609836562b74b') in 0.007384 seconds
Number of updated asset objects reloaded before import = 0
Number of asset objects unloaded after import = 1
========================================================================
Received Import Request.
  Time since last request: 0.000032 seconds.
  path: Assets/Flat Textures Pack/Textures/Cave_FireGround.png
  artifactKey: Guid(2c3a68b4404445e44bff84d1bb91c1f5) Importer(2089858483,0ecaa5967403d082aa24f35e1b516d23)
Start importing Assets/Flat Textures Pack/Textures/Cave_FireGround.png using Guid(2c3a68b4404445e44bff84d1bb91c1f5) Importer(2089858483,0ecaa5967403d082aa24f35e1b516d23) Generated GUIDs only implemented for interfaces!
 -> (artifact id: '71d377bda2fbcc3a399d261636c06185') in 0.028862 seconds
Number of updated asset objects reloaded before import = 0
Number of asset objects unloaded after import = 1
========================================================================
Received Import Request.
  Time since last request: 0.000060 seconds.
  path: Assets/polygonTrees/polygonTrees/models/grass/littleGrass/littleGrass.fbx
  artifactKey: Guid(9d4128a5b969ff43f9d7095055443a16) Importer(2089858483,0ecaa5967403d082aa24f35e1b516d23)
Start importing Assets/polygonTrees/polygonTrees/models/grass/littleGrass/littleGrass.fbx using Guid(9d4128a5b969ff43f9d7095055443a16) Importer(2089858483,0ecaa5967403d082aa24f35e1b516d23) Generated GUIDs only implemented for interfaces!
 -> (artifact id: '54d6408e9174e27d02f369fb410e6cf1') in 0.031274 seconds
Number of updated asset objects reloaded before import = 0
Number of asset objects unloaded after import = 8
========================================================================
Received Import Request.
  Time since last request: 0.000023 seconds.
  path: Assets/Flat Textures Pack/Materials/Winter_Moss.mat
  artifactKey: Guid(d02623c81a030044cacb865f4ee28bd7) Importer(2089858483,0ecaa5967403d082aa24f35e1b516d23)
Start importing Assets/Flat Textures Pack/Materials/Winter_Moss.mat using Guid(d02623c81a030044cacb865f4ee28bd7) Importer(2089858483,0ecaa5967403d082aa24f35e1b516d23) Generated GUIDs only implemented for interfaces!
 -> (artifact id: '9077f674f9f2556684e43a725c3296f1') in 0.008144 seconds
Number of updated asset objects reloaded before import = 0
Number of asset objects unloaded after import = 2
========================================================================
Received Import Request.
  Time since last request: 0.000021 seconds.
  path: Assets/Flat Textures Pack/Materials/Summer_Grass_A.mat
  artifactKey: Guid(fe40329174e9720479ab77410cc459ab) Importer(2089858483,0ecaa5967403d082aa24f35e1b516d23)
Start importing Assets/Flat Textures Pack/Materials/Summer_Grass_A.mat using Guid(fe40329174e9720479ab77410cc459ab) Importer(2089858483,0ecaa5967403d082aa24f35e1b516d23) Generated GUIDs only implemented for interfaces!
 -> (artifact id: '23c411581b877e9050c2b5b03d68b94f') in 0.009477 seconds
Number of updated asset objects reloaded before import = 0
Number of asset objects unloaded after import = 2
========================================================================
Received Import Request.
  Time since last request: 0.000022 seconds.
  path: Assets/polygonTrees/polygonTrees/prefabs/prefabLODs/dryTree/drySimpleTreeL.prefab
  artifactKey: Guid(77c88c10650db10c2a7b435dcc48666c) Importer(2089858483,0ecaa5967403d082aa24f35e1b516d23)
Start importing Assets/polygonTrees/polygonTrees/prefabs/prefabLODs/dryTree/drySimpleTreeL.prefab using Guid(77c88c10650db10c2a7b435dcc48666c) Importer(2089858483,0ecaa5967403d082aa24f35e1b516d23) Generated GUIDs only implemented for interfaces!
 -> (artifact id: 'd7ea399e80a5883ada5a20f44e943d2b') in 0.009557 seconds
Number of updated asset objects reloaded before import = 0
Number of asset objects unloaded after import = 37
========================================================================
Received Import Request.
  Time since last request: 0.000022 seconds.
  path: Assets/Flat Textures Pack/Materials/Winter_FrozenGround.mat
  artifactKey: Guid(5fb072cb6bfc5e343be27f17187cefae) Importer(2089858483,0ecaa5967403d082aa24f35e1b516d23)
Start importing Assets/Flat Textures Pack/Materials/Winter_FrozenGround.mat using Guid(5fb072cb6bfc5e343be27f17187cefae) Importer(2089858483,0ecaa5967403d082aa24f35e1b516d23) Generated GUIDs only implemented for interfaces!
 -> (artifact id: '2960fc4afe679c7e6e88a767b119b63e') in 0.012195 seconds
Number of updated asset objects reloaded before import = 0
Number of asset objects unloaded after import = 2
========================================================================
Received Import Request.
  Time since last request: 0.000022 seconds.
  path: Assets/polygonTrees/polygonTrees/prefabs/prefabLODs/trees/fallenBranchesTreeL.prefab
  artifactKey: Guid(33eaccebf58530bcd8b6a7e8125b2b16) Importer(2089858483,0ecaa5967403d082aa24f35e1b516d23)
Start importing Assets/polygonTrees/polygonTrees/prefabs/prefabLODs/trees/fallenBranchesTreeL.prefab using Guid(33eaccebf58530bcd8b6a7e8125b2b16) Importer(2089858483,0ecaa5967403d082aa24f35e1b516d23) Generated GUIDs only implemented for interfaces!
 -> (artifact id: 'bce095fc34e6abcac337ea2c2797496a') in 0.012475 seconds
Number of updated asset objects reloaded before import = 0
Number of asset objects unloaded after import = 37
